This file contains any messages produced by compilers while
running configure, to aid debugging if configure makes a mistake.

It was created by configure, which was
generated by GNU Autoconf 2.69.  Invocation command line was

  $ ./configure --enable-maintainer-mode --enable-multi --enable-divine --enable-one --enable-network --disable-fusionsound --disable-fusiondale --disable-video4linux --disable-network --disable-pnm --with-gfxdrivers=none --with-inputdrivers=keyboard,linuxinput,lirc,ps2mouse,serialmouse,input_hub,lirc --prefix=/opt/opendfb --enable-trace

## --------- ##
## Platform. ##
## --------- ##

hostname = ubuntu
uname -m = i686
uname -r = 3.15.0-5-generic
uname -s = Linux
uname -v = #10-Ubuntu SMP Mon Jun 2 17:01:04 UTC 2014

/usr/bin/uname -p = unknown
/bin/uname -X     = unknown

/bin/arch              = unknown
/usr/bin/arch -k       = unknown
/usr/convex/getsysinfo = unknown
/usr/bin/hostinfo      = unknown
/bin/machine           = unknown
/usr/bin/oslevel       = unknown
/bin/universe          = unknown

PATH: /usr/local/sbin
PATH: /usr/local/bin
PATH: /usr/sbin
PATH: /usr/bin
PATH: /sbin
PATH: /bin
PATH: /usr/games
PATH: /usr/local/games


## ----------- ##
## Core tests. ##
## ----------- ##

configure:3182: checking build system type
configure:3196: result: i686-pc-linux-gnu
configure:3216: checking host system type
configure:3229: result: i686-pc-linux-gnu
configure:3249: checking target system type
configure:3262: result: i686-pc-linux-gnu
configure:3305: checking for a BSD-compatible install
configure:3373: result: /usr/bin/install -c
configure:3384: checking whether build environment is sane
configure:3439: result: yes
configure:3477: WARNING: 'missing' script is too old or missing
configure:3590: checking for a thread-safe mkdir -p
configure:3629: result: /bin/mkdir -p
configure:3636: checking for gawk
configure:3666: result: no
configure:3636: checking for mawk
configure:3652: found /usr/bin/mawk
configure:3663: result: mawk
configure:3674: checking whether make sets $(MAKE)
configure:3696: result: yes
configure:3725: checking whether make supports nested variables
configure:3742: result: yes
configure:3871: checking whether make supports nested variables
configure:3888: result: yes
configure:3953: checking for pkg-config
configure:3971: found /usr/bin/pkg-config
configure:3983: result: /usr/bin/pkg-config
configure:4008: checking pkg-config is at least version 0.9.0
configure:4011: result: yes
configure:4024: checking whether to enable maintainer-specific portions of Makefiles
configure:4033: result: yes
configure:4141: checking for gcc
configure:4157: found /usr/bin/gcc
configure:4168: result: gcc
configure:4397: checking for C compiler version
configure:4406: gcc --version >&5
gcc (Ubuntu 4.9.1-16ubuntu6) 4.9.1
Copyright (C) 2014 Free Software Foundation, Inc.
This is free software; see the source for copying conditions.  There is NO
warranty; not even for MERCHANTABILITY or FITNESS FOR A PARTICULAR PURPOSE.

configure:4417: $? = 0
configure:4406: gcc -v >&5
Using built-in specs.
COLLECT_GCC=gcc
COLLECT_LTO_WRAPPER=/usr/lib/gcc/i686-linux-gnu/4.9/lto-wrapper
Target: i686-linux-gnu
Configured with: ../src/configure -v --with-pkgversion='Ubuntu 4.9.1-16ubuntu6' --with-bugurl=file:///usr/share/doc/gcc-4.9/README.Bugs --enable-languages=c,c++,java,go,d,fortran,objc,obj-c++ --prefix=/usr --program-suffix=-4.9 --enable-shared --enable-linker-build-id --libexecdir=/usr/lib --without-included-gettext --enable-threads=posix --with-gxx-include-dir=/usr/include/c++/4.9 --libdir=/usr/lib --enable-nls --with-sysroot=/ --enable-clocale=gnu --enable-libstdcxx-debug --enable-libstdcxx-time=yes --enable-gnu-unique-object --disable-vtable-verify --enable-plugin --with-system-zlib --disable-browser-plugin --enable-java-awt=gtk --enable-gtk-cairo --with-java-home=/usr/lib/jvm/java-1.5.0-gcj-4.9-i386/jre --enable-java-home --with-jvm-root-dir=/usr/lib/jvm/java-1.5.0-gcj-4.9-i386 --with-jvm-jar-dir=/usr/lib/jvm-exports/java-1.5.0-gcj-4.9-i386 --with-arch-directory=i386 --with-ecj-jar=/usr/share/java/eclipse-ecj.jar --enable-objc-gc --enable-targets=all --enable-multiarch --disable-werror --with-arch-32=i686 --with-multilib-list=m32,m64,mx32 --enable-multilib --with-tune=generic --enable-checking=release --build=i686-linux-gnu --host=i686-linux-gnu --target=i686-linux-gnu
Thread model: posix
gcc version 4.9.1 (Ubuntu 4.9.1-16ubuntu6) 
configure:4417: $? = 0
configure:4406: gcc -V >&5
gcc: error: unrecognized command line option '-V'
gcc: fatal error: no input files
compilation terminated.
configure:4417: $? = 4
configure:4406: gcc -qversion >&5
gcc: error: unrecognized command line option '-qversion'
gcc: fatal error: no input files
compilation terminated.
configure:4417: $? = 4
configure:4437: checking whether the C compiler works
configure:4459: gcc    conftest.c  >&5
configure:4463: $? = 0
configure:4511: result: yes
configure:4514: checking for C compiler default output file name
configure:4516: result: a.out
configure:4522: checking for suffix of executables
configure:4529: gcc -o conftest    conftest.c  >&5
configure:4533: $? = 0
configure:4555: result: 
configure:4577: checking whether we are cross compiling
configure:4585: gcc -o conftest    conftest.c  >&5
configure:4589: $? = 0
configure:4596: ./conftest
configure:4600: $? = 0
configure:4615: result: no
configure:4620: checking for suffix of object files
configure:4642: gcc -c   conftest.c >&5
configure:4646: $? = 0
configure:4667: result: o
configure:4671: checking whether we are using the GNU C compiler
configure:4690: gcc -c   conftest.c >&5
configure:4690: $? = 0
configure:4699: result: yes
configure:4708: checking whether gcc accepts -g
configure:4728: gcc -c -g  conftest.c >&5
configure:4728: $? = 0
configure:4769: result: yes
configure:4786: checking for gcc option to accept ISO C89
configure:4849: gcc  -c -g -O2  conftest.c >&5
configure:4849: $? = 0
configure:4862: result: none needed
configure:4887: checking whether gcc understands -c and -o together
configure:4909: gcc -c conftest.c -o conftest2.o
configure:4912: $? = 0
configure:4909: gcc -c conftest.c -o conftest2.o
configure:4912: $? = 0
configure:4924: result: yes
configure:4952: checking for style of include used by make
configure:4980: result: GNU
configure:5006: checking dependency style of gcc
configure:5117: result: gcc3
configure:5190: checking for g++
configure:5206: found /usr/bin/g++
configure:5217: result: g++
configure:5244: checking for C++ compiler version
configure:5253: g++ --version >&5
g++ (Ubuntu 4.8.3-2ubuntu1) 4.8.3
Copyright (C) 2013 Free Software Foundation, Inc.
This is free software; see the source for copying conditions.  There is NO
warranty; not even for MERCHANTABILITY or FITNESS FOR A PARTICULAR PURPOSE.

configure:5264: $? = 0
configure:5253: g++ -v >&5
Using built-in specs.
COLLECT_GCC=g++
COLLECT_LTO_WRAPPER=/usr/lib/gcc/i686-linux-gnu/4.8/lto-wrapper
Target: i686-linux-gnu
Configured with: ../src/configure -v --with-pkgversion='Ubuntu 4.8.3-2ubuntu1' --with-bugurl=file:///usr/share/doc/gcc-4.8/README.Bugs --enable-languages=c,c++,java,go,d,fortran,objc,obj-c++ --prefix=/usr --program-suffix=-4.8 --enable-shared --enable-linker-build-id --libexecdir=/usr/lib --without-included-gettext --enable-threads=posix --with-gxx-include-dir=/usr/include/c++/4.8 --libdir=/usr/lib --enable-nls --with-sysroot=/ --enable-clocale=gnu --enable-libstdcxx-debug --enable-libstdcxx-time=yes --enable-gnu-unique-object --disable-libmudflap --enable-plugin --with-system-zlib --disable-browser-plugin --enable-java-awt=gtk --enable-gtk-cairo --with-java-home=/usr/lib/jvm/java-1.5.0-gcj-4.8-i386/jre --enable-java-home --with-jvm-root-dir=/usr/lib/jvm/java-1.5.0-gcj-4.8-i386 --with-jvm-jar-dir=/usr/lib/jvm-exports/java-1.5.0-gcj-4.8-i386 --with-arch-directory=i386 --with-ecj-jar=/usr/share/java/eclipse-ecj.jar --enable-objc-gc --enable-targets=all --enable-multiarch --disable-werror --with-arch-32=i686 --with-multilib-list=m32,m64,mx32 --with-tune=generic --enable-checking=release --build=i686-linux-gnu --host=i686-linux-gnu --target=i686-linux-gnu
Thread model: posix
gcc version 4.8.3 (Ubuntu 4.8.3-2ubuntu1) 
configure:5264: $? = 0
configure:5253: g++ -V >&5
g++: error: unrecognized command line option '-V'
g++: fatal error: no input files
compilation terminated.
configure:5264: $? = 4
configure:5253: g++ -qversion >&5
g++: error: unrecognized command line option '-qversion'
g++: fatal error: no input files
compilation terminated.
configure:5264: $? = 4
configure:5268: checking whether we are using the GNU C++ compiler
configure:5287: g++ -c   conftest.cpp >&5
configure:5287: $? = 0
configure:5296: result: yes
configure:5305: checking whether g++ accepts -g
configure:5325: g++ -c -g  conftest.cpp >&5
configure:5325: $? = 0
configure:5366: result: yes
configure:5391: checking dependency style of g++
configure:5502: result: gcc3
configure:5630: checking for C++ compiler version
configure:5639: g++ --version >&5
g++ (Ubuntu 4.8.3-2ubuntu1) 4.8.3
Copyright (C) 2013 Free Software Foundation, Inc.
This is free software; see the source for copying conditions.  There is NO
warranty; not even for MERCHANTABILITY or FITNESS FOR A PARTICULAR PURPOSE.

configure:5650: $? = 0
configure:5639: g++ -v >&5
Using built-in specs.
COLLECT_GCC=g++
COLLECT_LTO_WRAPPER=/usr/lib/gcc/i686-linux-gnu/4.8/lto-wrapper
Target: i686-linux-gnu
Configured with: ../src/configure -v --with-pkgversion='Ubuntu 4.8.3-2ubuntu1' --with-bugurl=file:///usr/share/doc/gcc-4.8/README.Bugs --enable-languages=c,c++,java,go,d,fortran,objc,obj-c++ --prefix=/usr --program-suffix=-4.8 --enable-shared --enable-linker-build-id --libexecdir=/usr/lib --without-included-gettext --enable-threads=posix --with-gxx-include-dir=/usr/include/c++/4.8 --libdir=/usr/lib --enable-nls --with-sysroot=/ --enable-clocale=gnu --enable-libstdcxx-debug --enable-libstdcxx-time=yes --enable-gnu-unique-object --disable-libmudflap --enable-plugin --with-system-zlib --disable-browser-plugin --enable-java-awt=gtk --enable-gtk-cairo --with-java-home=/usr/lib/jvm/java-1.5.0-gcj-4.8-i386/jre --enable-java-home --with-jvm-root-dir=/usr/lib/jvm/java-1.5.0-gcj-4.8-i386 --with-jvm-jar-dir=/usr/lib/jvm-exports/java-1.5.0-gcj-4.8-i386 --with-arch-directory=i386 --with-ecj-jar=/usr/share/java/eclipse-ecj.jar --enable-objc-gc --enable-targets=all --enable-multiarch --disable-werror --with-arch-32=i686 --with-multilib-list=m32,m64,mx32 --with-tune=generic --enable-checking=release --build=i686-linux-gnu --host=i686-linux-gnu --target=i686-linux-gnu
Thread model: posix
gcc version 4.8.3 (Ubuntu 4.8.3-2ubuntu1) 
configure:5650: $? = 0
configure:5639: g++ -V >&5
g++: error: unrecognized command line option '-V'
g++: fatal error: no input files
compilation terminated.
configure:5650: $? = 4
configure:5639: g++ -qversion >&5
g++: error: unrecognized command line option '-qversion'
g++: fatal error: no input files
compilation terminated.
configure:5650: $? = 4
configure:5654: checking whether we are using the GNU C++ compiler
configure:5682: result: yes
configure:5691: checking whether g++ accepts -g
configure:5752: result: yes
configure:5777: checking dependency style of g++
configure:5888: result: gcc3
configure:5912: checking dependency style of gcc
configure:6021: result: gcc3
configure:6082: checking how to print strings
configure:6109: result: printf
configure:6130: checking for a sed that does not truncate output
configure:6194: result: /bin/sed
configure:6212: checking for grep that handles long lines and -e
configure:6270: result: /bin/grep
configure:6275: checking for egrep
configure:6337: result: /bin/grep -E
configure:6342: checking for fgrep
configure:6404: result: /bin/grep -F
configure:6439: checking for ld used by gcc
configure:6506: result: /usr/bin/ld
configure:6513: checking if the linker (/usr/bin/ld) is GNU ld
configure:6528: result: yes
configure:6540: checking for BSD- or MS-compatible name lister (nm)
configure:6589: result: /usr/bin/nm -B
configure:6719: checking the name lister (/usr/bin/nm -B) interface
configure:6726: gcc -c -g -O2  conftest.c >&5
configure:6729: /usr/bin/nm -B "conftest.o"
configure:6732: output
00000000 B some_variable
configure:6739: result: BSD nm
configure:6742: checking whether ln -s works
configure:6746: result: yes
configure:6754: checking the maximum length of command line arguments
configure:6885: result: 1572864
configure:6902: checking whether the shell understands some XSI constructs
configure:6912: result: yes
configure:6916: checking whether the shell understands "+="
configure:6922: result: yes
configure:6957: checking how to convert i686-pc-linux-gnu file names to i686-pc-linux-gnu format
configure:6997: result: func_convert_file_noop
configure:7004: checking how to convert i686-pc-linux-gnu file names to toolchain format
configure:7024: result: func_convert_file_noop
configure:7031: checking for /usr/bin/ld option to reload object files
configure:7038: result: -r
configure:7112: checking for objdump
configure:7128: found /usr/bin/objdump
configure:7139: result: objdump
configure:7171: checking how to recognize dependent libraries
configure:7369: result: pass_all
configure:7454: checking for dlltool
configure:7484: result: no
configure:7514: checking how to associate runtime and link libraries
configure:7541: result: printf %s\n
configure:7602: checking for ar
configure:7618: found /usr/bin/ar
configure:7629: result: ar
configure:7666: checking for archiver @FILE support
configure:7683: gcc -c -g -O2  conftest.c >&5
configure:7683: $? = 0
configure:7686: ar cru libconftest.a @conftest.lst >&5
configure:7689: $? = 0
configure:7694: ar cru libconftest.a @conftest.lst >&5
ar: conftest.o: No such file or directory
configure:7697: $? = 1
configure:7709: result: @
configure:7767: checking for strip
configure:7783: found /usr/bin/strip
configure:7794: result: strip
configure:7866: checking for ranlib
configure:7882: found /usr/bin/ranlib
configure:7893: result: ranlib
configure:7995: checking command to parse /usr/bin/nm -B output from gcc object
configure:8115: gcc -c -g -O2  conftest.c >&5
configure:8118: $? = 0
configure:8122: /usr/bin/nm -B conftest.o \| sed -n -e 's/^.*[ ]\([ABCDGIRSTW][ABCDGIRSTW]*\)[ ][ ]*\([_A-Za-z][_A-Za-z0-9]*\)$/\1 \2 \2/p' | sed '/ __gnu_lto/d' \> conftest.nm
configure:8125: $? = 0
configure:8191: gcc -o conftest -g -O2   conftest.c conftstm.o >&5
configure:8194: $? = 0
configure:8232: result: ok
configure:8269: checking for sysroot
configure:8299: result: no
configure:8568: checking for mt
configure:8584: found /bin/mt
configure:8595: result: mt
configure:8618: checking if mt is a manifest tool
configure:8624: mt '-?'
configure:8632: result: no
configure:9274: checking how to run the C preprocessor
configure:9305: gcc -E  conftest.c
configure:9305: $? = 0
configure:9319: gcc -E  conftest.c
conftest.c:10:28: fatal error: ac_nonexistent.h: No such file or directory
 #include <ac_nonexistent.h>
                            ^
compilation terminated.
configure:9319: $? = 1
configure: failed program was:
| /* confdefs.h */
| #define PACKAGE_NAME ""
| #define PACKAGE_TARNAME ""
| #define PACKAGE_VERSION ""
| #define PACKAGE_STRING ""
| #define PACKAGE_BUGREPORT ""
| #define PACKAGE_URL ""
| #define DIRECTFB_VERSION "1.6.3"
| /* end confdefs.h.  */
| #include <ac_nonexistent.h>
configure:9344: result: gcc -E
configure:9364: gcc -E  conftest.c
configure:9364: $? = 0
configure:9378: gcc -E  conftest.c
conftest.c:10:28: fatal error: ac_nonexistent.h: No such file or directory
 #include <ac_nonexistent.h>
                            ^
compilation terminated.
configure:9378: $? = 1
configure: failed program was:
| /* confdefs.h */
| #define PACKAGE_NAME ""
| #define PACKAGE_TARNAME ""
| #define PACKAGE_VERSION ""
| #define PACKAGE_STRING ""
| #define PACKAGE_BUGREPORT ""
| #define PACKAGE_URL ""
| #define DIRECTFB_VERSION "1.6.3"
| /* end confdefs.h.  */
| #include <ac_nonexistent.h>
configure:9407: checking for ANSI C header files
configure:9427: gcc -c -g -O2  conftest.c >&5
configure:9427: $? = 0
configure:9500: gcc -o conftest -g -O2   conftest.c  >&5
configure:9500: $? = 0
configure:9500: ./conftest
configure:9500: $? = 0
configure:9511: result: yes
configure:9524: checking for sys/types.h
configure:9524: gcc -c -g -O2  conftest.c >&5
configure:9524: $? = 0
configure:9524: result: yes
configure:9524: checking for sys/stat.h
configure:9524: gcc -c -g -O2  conftest.c >&5
configure:9524: $? = 0
configure:9524: result: yes
configure:9524: checking for stdlib.h
configure:9524: gcc -c -g -O2  conftest.c >&5
configure:9524: $? = 0
configure:9524: result: yes
configure:9524: checking for string.h
configure:9524: gcc -c -g -O2  conftest.c >&5
configure:9524: $? = 0
configure:9524: result: yes
configure:9524: checking for memory.h
configure:9524: gcc -c -g -O2  conftest.c >&5
configure:9524: $? = 0
configure:9524: result: yes
configure:9524: checking for strings.h
configure:9524: gcc -c -g -O2  conftest.c >&5
configure:9524: $? = 0
configure:9524: result: yes
configure:9524: checking for inttypes.h
configure:9524: gcc -c -g -O2  conftest.c >&5
configure:9524: $? = 0
configure:9524: result: yes
configure:9524: checking for stdint.h
configure:9524: gcc -c -g -O2  conftest.c >&5
configure:9524: $? = 0
configure:9524: result: yes
configure:9524: checking for unistd.h
configure:9524: gcc -c -g -O2  conftest.c >&5
configure:9524: $? = 0
configure:9524: result: yes
configure:9538: checking for dlfcn.h
configure:9538: gcc -c -g -O2  conftest.c >&5
configure:9538: $? = 0
configure:9538: result: yes
configure:9725: checking for objdir
configure:9740: result: .libs
configure:10011: checking if gcc supports -fno-rtti -fno-exceptions
configure:10029: gcc -c -g -O2  -fno-rtti -fno-exceptions conftest.c >&5
cc1: warning: command line option '-fno-rtti' is valid for C++/ObjC++ but not for C
configure:10033: $? = 0
configure:10046: result: no
configure:10373: checking for gcc option to produce PIC
configure:10380: result: -fPIC -DPIC
configure:10388: checking if gcc PIC flag -fPIC -DPIC works
configure:10406: gcc -c -g -O2  -fPIC -DPIC -DPIC conftest.c >&5
configure:10410: $? = 0
configure:10423: result: yes
configure:10452: checking if gcc static flag -static works
configure:10480: result: yes
configure:10495: checking if gcc supports -c -o file.o
configure:10516: gcc -c -g -O2  -o out/conftest2.o conftest.c >&5
configure:10520: $? = 0
configure:10542: result: yes
configure:10550: checking if gcc supports -c -o file.o
configure:10597: result: yes
configure:10630: checking whether the gcc linker (/usr/bin/ld) supports shared libraries
configure:11787: result: yes
configure:11824: checking whether -lc should be explicitly linked in
configure:11832: gcc -c -g -O2  conftest.c >&5
configure:11835: $? = 0
configure:11850: gcc -shared  -fPIC -DPIC conftest.o  -v -Wl,-soname -Wl,conftest -o conftest 2\>\&1 \| /bin/grep  -lc  \>/dev/null 2\>\&1
configure:11853: $? = 0
configure:11867: result: no
configure:12027: checking dynamic linker characteristics
configure:12527: gcc -o conftest -g -O2   -Wl,-rpath -Wl,/foo conftest.c  >&5
configure:12527: $? = 0
configure:12761: result: GNU/Linux ld.so
configure:12868: checking how to hardcode library paths into programs
configure:12893: result: immediate
configure:13433: checking whether stripping libraries is possible
configure:13438: result: yes
configure:13473: checking if libtool supports shared libraries
configure:13475: result: yes
configure:13478: checking whether to build shared libraries
configure:13499: result: yes
configure:13502: checking whether to build static libraries
configure:13506: result: no
configure:13529: checking how to run the C++ preprocessor
configure:13556: g++ -E  conftest.cpp
configure:13556: $? = 0
configure:13570: g++ -E  conftest.cpp
conftest.cpp:22:28: fatal error: ac_nonexistent.h: No such file or directory
 #include <ac_nonexistent.h>
                            ^
compilation terminated.
configure:13570: $? = 1
configure: failed program was:
| /* confdefs.h */
| #define PACKAGE_NAME ""
| #define PACKAGE_TARNAME ""
| #define PACKAGE_VERSION ""
| #define PACKAGE_STRING ""
| #define PACKAGE_BUGREPORT ""
| #define PACKAGE_URL ""
| #define DIRECTFB_VERSION "1.6.3"
| #define STDC_HEADERS 1
| #define HAVE_SYS_TYPES_H 1
| #define HAVE_SYS_STAT_H 1
| #define HAVE_STDLIB_H 1
| #define HAVE_STRING_H 1
| #define HAVE_MEMORY_H 1
| #define HAVE_STRINGS_H 1
| #define HAVE_INTTYPES_H 1
| #define HAVE_STDINT_H 1
| #define HAVE_UNISTD_H 1
| #define HAVE_DLFCN_H 1
| #define LT_OBJDIR ".libs/"
| /* end confdefs.h.  */
| #include <ac_nonexistent.h>
configure:13595: result: g++ -E
configure:13615: g++ -E  conftest.cpp
configure:13615: $? = 0
configure:13629: g++ -E  conftest.cpp
conftest.cpp:22:28: fatal error: ac_nonexistent.h: No such file or directory
 #include <ac_nonexistent.h>
                            ^
compilation terminated.
configure:13629: $? = 1
configure: failed program was:
| /* confdefs.h */
| #define PACKAGE_NAME ""
| #define PACKAGE_TARNAME ""
| #define PACKAGE_VERSION ""
| #define PACKAGE_STRING ""
| #define PACKAGE_BUGREPORT ""
| #define PACKAGE_URL ""
| #define DIRECTFB_VERSION "1.6.3"
| #define STDC_HEADERS 1
| #define HAVE_SYS_TYPES_H 1
| #define HAVE_SYS_STAT_H 1
| #define HAVE_STDLIB_H 1
| #define HAVE_STRING_H 1
| #define HAVE_MEMORY_H 1
| #define HAVE_STRINGS_H 1
| #define HAVE_INTTYPES_H 1
| #define HAVE_STDINT_H 1
| #define HAVE_UNISTD_H 1
| #define HAVE_DLFCN_H 1
| #define LT_OBJDIR ".libs/"
| /* end confdefs.h.  */
| #include <ac_nonexistent.h>
configure:13798: checking for ld used by g++
configure:13865: result: /usr/bin/ld
configure:13872: checking if the linker (/usr/bin/ld) is GNU ld
configure:13887: result: yes
configure:13942: checking whether the g++ linker (/usr/bin/ld) supports shared libraries
configure:14944: result: yes
configure:14980: g++ -c -g -O2  conftest.cpp >&5
configure:14983: $? = 0
configure:15503: checking for g++ option to produce PIC
configure:15510: result: -fPIC -DPIC
configure:15518: checking if g++ PIC flag -fPIC -DPIC works
configure:15536: g++ -c -g -O2  -fPIC -DPIC -DPIC conftest.cpp >&5
configure:15540: $? = 0
configure:15553: result: yes
configure:15576: checking if g++ static flag -static works
configure:15604: result: yes
configure:15616: checking if g++ supports -c -o file.o
configure:15637: g++ -c -g -O2  -o out/conftest2.o conftest.cpp >&5
configure:15641: $? = 0
configure:15663: result: yes
configure:15668: checking if g++ supports -c -o file.o
configure:15715: result: yes
configure:15745: checking whether the g++ linker (/usr/bin/ld) supports shared libraries
configure:15784: result: yes
configure:15925: checking dynamic linker characteristics
configure:16593: result: GNU/Linux ld.so
configure:16646: checking how to hardcode library paths into programs
configure:16671: result: immediate
configure:16732: checking whether build environment is sane
configure:16787: result: yes
configure:16800: checking for library containing strerror
configure:16831: gcc -o conftest -g -O2   conftest.c  >&5
configure:16831: $? = 0
configure:16848: result: none required
configure:16857: checking whether make sets $(MAKE)
configure:16879: result: yes
configure:16888: checking for ANSI C header files
configure:16992: result: yes
configure:17000: checking whether byte ordering is bigendian
configure:17015: gcc -c -g -O2  conftest.c >&5
conftest.c:24:9: error: unknown type name 'not'
         not a universal capable compiler
         ^
conftest.c:24:15: error: expected '=', ',', ';', 'asm' or '__attribute__' before 'universal'
         not a universal capable compiler
               ^
conftest.c:24:15: error: unknown type name 'universal'
configure:17015: $? = 1
configure: failed program was:
| /* confdefs.h */
| #define PACKAGE_NAME ""
| #define PACKAGE_TARNAME ""
| #define PACKAGE_VERSION ""
| #define PACKAGE_STRING ""
| #define PACKAGE_BUGREPORT ""
| #define PACKAGE_URL ""
| #define DIRECTFB_VERSION "1.6.3"
| #define STDC_HEADERS 1
| #define HAVE_SYS_TYPES_H 1
| #define HAVE_SYS_STAT_H 1
| #define HAVE_STDLIB_H 1
| #define HAVE_STRING_H 1
| #define HAVE_MEMORY_H 1
| #define HAVE_STRINGS_H 1
| #define HAVE_INTTYPES_H 1
| #define HAVE_STDINT_H 1
| #define HAVE_UNISTD_H 1
| #define HAVE_DLFCN_H 1
| #define LT_OBJDIR ".libs/"
| #define STDC_HEADERS 1
| /* end confdefs.h.  */
| #ifndef __APPLE_CC__
| 	       not a universal capable compiler
| 	     #endif
| 	     typedef int dummy;
| 
configure:17060: gcc -c -g -O2  conftest.c >&5
configure:17060: $? = 0
configure:17078: gcc -c -g -O2  conftest.c >&5
conftest.c: In function 'main':
conftest.c:30:4: error: unknown type name 'not'
    not big endian
    ^
conftest.c:30:12: error: expected '=', ',', ';', 'asm' or '__attribute__' before 'endian'
    not big endian
            ^
configure:17078: $? = 1
configure: failed program was:
| /* confdefs.h */
| #define PACKAGE_NAME ""
| #define PACKAGE_TARNAME ""
| #define PACKAGE_VERSION ""
| #define PACKAGE_STRING ""
| #define PACKAGE_BUGREPORT ""
| #define PACKAGE_URL ""
| #define DIRECTFB_VERSION "1.6.3"
| #define STDC_HEADERS 1
| #define HAVE_SYS_TYPES_H 1
| #define HAVE_SYS_STAT_H 1
| #define HAVE_STDLIB_H 1
| #define HAVE_STRING_H 1
| #define HAVE_MEMORY_H 1
| #define HAVE_STRINGS_H 1
| #define HAVE_INTTYPES_H 1
| #define HAVE_STDINT_H 1
| #define HAVE_UNISTD_H 1
| #define HAVE_DLFCN_H 1
| #define LT_OBJDIR ".libs/"
| #define STDC_HEADERS 1
| /* end confdefs.h.  */
| #include <sys/types.h>
| 		#include <sys/param.h>
| 
| int
| main ()
| {
| #if BYTE_ORDER != BIG_ENDIAN
| 		 not big endian
| 		#endif
| 
|   ;
|   return 0;
| }
configure:17206: result: no
configure:17229: checking size of int
configure:17234: gcc -o conftest -g -O2   conftest.c  >&5
configure:17234: $? = 0
configure:17234: ./conftest
configure:17234: $? = 0
configure:17248: result: 4
configure:17262: checking size of long
configure:17267: gcc -o conftest -g -O2   conftest.c  >&5
configure:17267: $? = 0
configure:17267: ./conftest
configure:17267: $? = 0
configure:17281: result: 4
configure:17295: checking size of long long
configure:17300: gcc -o conftest -g -O2   conftest.c  >&5
configure:17300: $? = 0
configure:17300: ./conftest
configure:17300: $? = 0
configure:17314: result: 8
configure:17326: checking for fork
configure:17326: gcc -o conftest -g -O2   conftest.c  >&5
conftest.c:49:6: warning: conflicting types for built-in function 'fork'
 char fork ();
      ^
configure:17326: $? = 0
configure:17326: result: yes
configure:17347: checking for perl5
configure:17380: result: no
configure:17347: checking for perl
configure:17365: found /usr/bin/perl
configure:17377: result: /usr/bin/perl
configure:17391: checking for man2html
configure:17422: result: no
configure:17486: checking for fluxcomp
configure:17504: found /usr/local/bin/fluxcomp
configure:17516: result: /usr/local/bin/fluxcomp
configure:17567: checking Carbon/Carbon.h usability
configure:17567: gcc -c -g -O2  conftest.c >&5
conftest.c:60:27: fatal error: Carbon/Carbon.h: No such file or directory
 #include <Carbon/Carbon.h>
                           ^
compilation terminated.
configure:17567: $? = 1
configure: failed program was:
| /* confdefs.h */
| #define PACKAGE_NAME ""
| #define PACKAGE_TARNAME ""
| #define PACKAGE_VERSION ""
| #define PACKAGE_STRING ""
| #define PACKAGE_BUGREPORT ""
| #define PACKAGE_URL ""
| #define DIRECTFB_VERSION "1.6.3"
| #define STDC_HEADERS 1
| #define HAVE_SYS_TYPES_H 1
| #define HAVE_SYS_STAT_H 1
| #define HAVE_STDLIB_H 1
| #define HAVE_STRING_H 1
| #define HAVE_MEMORY_H 1
| #define HAVE_STRINGS_H 1
| #define HAVE_INTTYPES_H 1
| #define HAVE_STDINT_H 1
| #define HAVE_UNISTD_H 1
| #define HAVE_DLFCN_H 1
| #define LT_OBJDIR ".libs/"
| #define STDC_HEADERS 1
| #define SIZEOF_INT 4
| #define SIZEOF_LONG 4
| #define SIZEOF_LONG_LONG 8
| #define HAVE_FORK 1
| /* end confdefs.h.  */
| #include <stdio.h>
| #ifdef HAVE_SYS_TYPES_H
| # include <sys/types.h>
| #endif
| #ifdef HAVE_SYS_STAT_H
| # include <sys/stat.h>
| #endif
| #ifdef STDC_HEADERS
| # include <stdlib.h>
| # include <stddef.h>
| #else
| # ifdef HAVE_STDLIB_H
| #  include <stdlib.h>
| # endif
| #endif
| #ifdef HAVE_STRING_H
| # if !defined STDC_HEADERS && defined HAVE_MEMORY_H
| #  include <memory.h>
| # endif
| # include <string.h>
| #endif
| #ifdef HAVE_STRINGS_H
| # include <strings.h>
| #endif
| #ifdef HAVE_INTTYPES_H
| # include <inttypes.h>
| #endif
| #ifdef HAVE_STDINT_H
| # include <stdint.h>
| #endif
| #ifdef HAVE_UNISTD_H
| # include <unistd.h>
| #endif
| #include <Carbon/Carbon.h>
configure:17567: result: no
configure:17567: checking Carbon/Carbon.h presence
configure:17567: gcc -E  conftest.c
conftest.c:27:27: fatal error: Carbon/Carbon.h: No such file or directory
 #include <Carbon/Carbon.h>
                           ^
compilation terminated.
configure:17567: $? = 1
configure: failed program was:
| /* confdefs.h */
| #define PACKAGE_NAME ""
| #define PACKAGE_TARNAME ""
| #define PACKAGE_VERSION ""
| #define PACKAGE_STRING ""
| #define PACKAGE_BUGREPORT ""
| #define PACKAGE_URL ""
| #define DIRECTFB_VERSION "1.6.3"
| #define STDC_HEADERS 1
| #define HAVE_SYS_TYPES_H 1
| #define HAVE_SYS_STAT_H 1
| #define HAVE_STDLIB_H 1
| #define HAVE_STRING_H 1
| #define HAVE_MEMORY_H 1
| #define HAVE_STRINGS_H 1
| #define HAVE_INTTYPES_H 1
| #define HAVE_STDINT_H 1
| #define HAVE_UNISTD_H 1
| #define HAVE_DLFCN_H 1
| #define LT_OBJDIR ".libs/"
| #define STDC_HEADERS 1
| #define SIZEOF_INT 4
| #define SIZEOF_LONG 4
| #define SIZEOF_LONG_LONG 8
| #define HAVE_FORK 1
| /* end confdefs.h.  */
| #include <Carbon/Carbon.h>
configure:17567: result: no
configure:17567: checking for Carbon/Carbon.h
configure:17567: result: no
configure:17578: WARNING:
*** no Carbon/Carbon.h found -- building without Mac OS X support.
configure:17605: checking for X11
configure:17612: $PKG_CONFIG --exists --print-errors "xproto x11 xext"
configure:17615: $? = 0
configure:17629: $PKG_CONFIG --exists --print-errors "xproto x11 xext"
configure:17632: $? = 0
configure:17674: result: yes
configure:17700: checking for X11VDPAU
configure:17707: $PKG_CONFIG --exists --print-errors "xproto x11 xext vdpau"
Package vdpau was not found in the pkg-config search path.
Perhaps you should add the directory containing `vdpau.pc'
to the PKG_CONFIG_PATH environment variable
No package 'vdpau' found
configure:17710: $? = 1
configure:17724: $PKG_CONFIG --exists --print-errors "xproto x11 xext vdpau"
Package vdpau was not found in the pkg-config search path.
Perhaps you should add the directory containing `vdpau.pc'
to the PKG_CONFIG_PATH environment variable
No package 'vdpau' found
configure:17727: $? = 1
configure:17741: result: no
No package 'vdpau' found
configure:17758: WARNING: *** no X11/VDPAU found -- building without X11/VDPAU support
configure:17788: checking linux/compiler.h usability
configure:17788: gcc -c -g -O2  conftest.c >&5
conftest.c:60:28: fatal error: linux/compiler.h: No such file or directory
 #include <linux/compiler.h>
                            ^
compilation terminated.
configure:17788: $? = 1
configure: failed program was:
| /* confdefs.h */
| #define PACKAGE_NAME ""
| #define PACKAGE_TARNAME ""
| #define PACKAGE_VERSION ""
| #define PACKAGE_STRING ""
| #define PACKAGE_BUGREPORT ""
| #define PACKAGE_URL ""
| #define DIRECTFB_VERSION "1.6.3"
| #define STDC_HEADERS 1
| #define HAVE_SYS_TYPES_H 1
| #define HAVE_SYS_STAT_H 1
| #define HAVE_STDLIB_H 1
| #define HAVE_STRING_H 1
| #define HAVE_MEMORY_H 1
| #define HAVE_STRINGS_H 1
| #define HAVE_INTTYPES_H 1
| #define HAVE_STDINT_H 1
| #define HAVE_UNISTD_H 1
| #define HAVE_DLFCN_H 1
| #define LT_OBJDIR ".libs/"
| #define STDC_HEADERS 1
| #define SIZEOF_INT 4
| #define SIZEOF_LONG 4
| #define SIZEOF_LONG_LONG 8
| #define HAVE_FORK 1
| /* end confdefs.h.  */
| #include <stdio.h>
| #ifdef HAVE_SYS_TYPES_H
| # include <sys/types.h>
| #endif
| #ifdef HAVE_SYS_STAT_H
| # include <sys/stat.h>
| #endif
| #ifdef STDC_HEADERS
| # include <stdlib.h>
| # include <stddef.h>
| #else
| # ifdef HAVE_STDLIB_H
| #  include <stdlib.h>
| # endif
| #endif
| #ifdef HAVE_STRING_H
| # if !defined STDC_HEADERS && defined HAVE_MEMORY_H
| #  include <memory.h>
| # endif
| # include <string.h>
| #endif
| #ifdef HAVE_STRINGS_H
| # include <strings.h>
| #endif
| #ifdef HAVE_INTTYPES_H
| # include <inttypes.h>
| #endif
| #ifdef HAVE_STDINT_H
| # include <stdint.h>
| #endif
| #ifdef HAVE_UNISTD_H
| # include <unistd.h>
| #endif
| #include <linux/compiler.h>
configure:17788: result: no
configure:17788: checking linux/compiler.h presence
configure:17788: gcc -E  conftest.c
conftest.c:27:28: fatal error: linux/compiler.h: No such file or directory
 #include <linux/compiler.h>
                            ^
compilation terminated.
configure:17788: $? = 1
configure: failed program was:
| /* confdefs.h */
| #define PACKAGE_NAME ""
| #define PACKAGE_TARNAME ""
| #define PACKAGE_VERSION ""
| #define PACKAGE_STRING ""
| #define PACKAGE_BUGREPORT ""
| #define PACKAGE_URL ""
| #define DIRECTFB_VERSION "1.6.3"
| #define STDC_HEADERS 1
| #define HAVE_SYS_TYPES_H 1
| #define HAVE_SYS_STAT_H 1
| #define HAVE_STDLIB_H 1
| #define HAVE_STRING_H 1
| #define HAVE_MEMORY_H 1
| #define HAVE_STRINGS_H 1
| #define HAVE_INTTYPES_H 1
| #define HAVE_STDINT_H 1
| #define HAVE_UNISTD_H 1
| #define HAVE_DLFCN_H 1
| #define LT_OBJDIR ".libs/"
| #define STDC_HEADERS 1
| #define SIZEOF_INT 4
| #define SIZEOF_LONG 4
| #define SIZEOF_LONG_LONG 8
| #define HAVE_FORK 1
| /* end confdefs.h.  */
| #include <linux/compiler.h>
configure:17788: result: no
configure:17788: checking for linux/compiler.h
configure:17788: result: no
configure:17788: checking linux/unistd.h usability
configure:17788: gcc -c -g -O2  conftest.c >&5
configure:17788: $? = 0
configure:17788: result: yes
configure:17788: checking linux/unistd.h presence
configure:17788: gcc -E  conftest.c
configure:17788: $? = 0
configure:17788: result: yes
configure:17788: checking for linux/unistd.h
configure:17788: result: yes
configure:17788: checking asm/page.h usability
configure:17788: gcc -c -g -O2  conftest.c >&5
conftest.c:61:22: fatal error: asm/page.h: No such file or directory
 #include <asm/page.h>
                      ^
compilation terminated.
configure:17788: $? = 1
configure: failed program was:
| /* confdefs.h */
| #define PACKAGE_NAME ""
| #define PACKAGE_TARNAME ""
| #define PACKAGE_VERSION ""
| #define PACKAGE_STRING ""
| #define PACKAGE_BUGREPORT ""
| #define PACKAGE_URL ""
| #define DIRECTFB_VERSION "1.6.3"
| #define STDC_HEADERS 1
| #define HAVE_SYS_TYPES_H 1
| #define HAVE_SYS_STAT_H 1
| #define HAVE_STDLIB_H 1
| #define HAVE_STRING_H 1
| #define HAVE_MEMORY_H 1
| #define HAVE_STRINGS_H 1
| #define HAVE_INTTYPES_H 1
| #define HAVE_STDINT_H 1
| #define HAVE_UNISTD_H 1
| #define HAVE_DLFCN_H 1
| #define LT_OBJDIR ".libs/"
| #define STDC_HEADERS 1
| #define SIZEOF_INT 4
| #define SIZEOF_LONG 4
| #define SIZEOF_LONG_LONG 8
| #define HAVE_FORK 1
| #define HAVE_LINUX_UNISTD_H 1
| /* end confdefs.h.  */
| #include <stdio.h>
| #ifdef HAVE_SYS_TYPES_H
| # include <sys/types.h>
| #endif
| #ifdef HAVE_SYS_STAT_H
| # include <sys/stat.h>
| #endif
| #ifdef STDC_HEADERS
| # include <stdlib.h>
| # include <stddef.h>
| #else
| # ifdef HAVE_STDLIB_H
| #  include <stdlib.h>
| # endif
| #endif
| #ifdef HAVE_STRING_H
| # if !defined STDC_HEADERS && defined HAVE_MEMORY_H
| #  include <memory.h>
| # endif
| # include <string.h>
| #endif
| #ifdef HAVE_STRINGS_H
| # include <strings.h>
| #endif
| #ifdef HAVE_INTTYPES_H
| # include <inttypes.h>
| #endif
| #ifdef HAVE_STDINT_H
| # include <stdint.h>
| #endif
| #ifdef HAVE_UNISTD_H
| # include <unistd.h>
| #endif
| #include <asm/page.h>
configure:17788: result: no
configure:17788: checking asm/page.h presence
configure:17788: gcc -E  conftest.c
conftest.c:28:22: fatal error: asm/page.h: No such file or directory
 #include <asm/page.h>
                      ^
compilation terminated.
configure:17788: $? = 1
configure: failed program was:
| /* confdefs.h */
| #define PACKAGE_NAME ""
| #define PACKAGE_TARNAME ""
| #define PACKAGE_VERSION ""
| #define PACKAGE_STRING ""
| #define PACKAGE_BUGREPORT ""
| #define PACKAGE_URL ""
| #define DIRECTFB_VERSION "1.6.3"
| #define STDC_HEADERS 1
| #define HAVE_SYS_TYPES_H 1
| #define HAVE_SYS_STAT_H 1
| #define HAVE_STDLIB_H 1
| #define HAVE_STRING_H 1
| #define HAVE_MEMORY_H 1
| #define HAVE_STRINGS_H 1
| #define HAVE_INTTYPES_H 1
| #define HAVE_STDINT_H 1
| #define HAVE_UNISTD_H 1
| #define HAVE_DLFCN_H 1
| #define LT_OBJDIR ".libs/"
| #define STDC_HEADERS 1
| #define SIZEOF_INT 4
| #define SIZEOF_LONG 4
| #define SIZEOF_LONG_LONG 8
| #define HAVE_FORK 1
| #define HAVE_LINUX_UNISTD_H 1
| /* end confdefs.h.  */
| #include <asm/page.h>
configure:17788: result: no
configure:17788: checking for asm/page.h
configure:17788: result: no
configure:17788: checking signal.h usability
configure:17788: gcc -c -g -O2  conftest.c >&5
configure:17788: $? = 0
configure:17788: result: yes
configure:17788: checking signal.h presence
configure:17788: gcc -E  conftest.c
configure:17788: $? = 0
configure:17788: result: yes
configure:17788: checking for signal.h
configure:17788: result: yes
configure:18076: checking for pthread_attr_init in -lpthread
configure:18101: gcc -o conftest -ffast-math -pipe    conftest.c -lpthread   >&5
configure:18101: $? = 0
configure:18110: result: yes
configure:18128: checking whether PTHREAD_MUTEX_RECURSIVE is declared
configure:18128: gcc -c -ffast-math -pipe   conftest.c >&5
configure:18128: $? = 0
configure:18128: result: yes
configure:18151: checking whether PTHREAD_RECURSIVE_MUTEX_INITIALIZER_NP is declared
configure:18151: gcc -c -ffast-math -pipe   conftest.c >&5
configure:18151: $? = 0
configure:18151: result: yes
configure:18182: checking for clock_gettime in -lrt
configure:18207: gcc -o conftest -ffast-math -pipe  -D_REENTRANT   conftest.c -lrt  -lpthread  >&5
configure:18207: $? = 0
configure:18216: result: yes
configure:18239: checking for dlopen in -ldl
configure:18264: gcc -o conftest -ffast-math -pipe  -D_REENTRANT   conftest.c -ldl  -lrt -lpthread  >&5
configure:18264: $? = 0
configure:18273: result: yes
configure:18306: checking for sys/io.h
configure:18319: gcc -c -ffast-math -pipe  -D_REENTRANT  conftest.c >&5
configure:18319: $? = 0
configure:18324: result: yes
configure:18478: checking stdbool.h usability
configure:18478: gcc -c -O3 -g2 -ffast-math -pipe  -D_REENTRANT  conftest.c >&5
configure:18478: $? = 0
configure:18478: result: yes
configure:18478: checking stdbool.h presence
configure:18478: gcc -E -D_REENTRANT  conftest.c
configure:18478: $? = 0
configure:18478: result: yes
configure:18478: checking for stdbool.h
configure:18478: result: yes
configure:18536: checking linux/fusion.h usability
configure:18536: gcc -c -O3 -g2 -ffast-math -pipe  -D_REENTRANT  conftest.c >&5
configure:18536: $? = 0
configure:18536: result: yes
configure:18536: checking linux/fusion.h presence
configure:18536: gcc -E -D_REENTRANT  conftest.c
configure:18536: $? = 0
configure:18536: result: yes
configure:18536: checking for linux/fusion.h
configure:18536: result: yes
configure:18680: checking for library containing sqrt
configure:18711: gcc -o conftest -O3 -g2 -ffast-math -pipe  -Wno-error -D_REENTRANT   conftest.c -ldl -lrt -lpthread  >&5
conftest.c:44:6: warning: conflicting types for built-in function 'sqrt'
 char sqrt ();
      ^
/tmp/ccH6sfCA.o: In function `main':
/home/kin/workspace/opendfb-workspace/DirectFB-1.6.3-mini/conftest.c:48: undefined reference to `sqrt'
collect2: error: ld returned 1 exit status
configure:18711: $? = 1
configure: failed program was:
| /* confdefs.h */
| #define PACKAGE_NAME ""
| #define PACKAGE_TARNAME ""
| #define PACKAGE_VERSION ""
| #define PACKAGE_STRING ""
| #define PACKAGE_BUGREPORT ""
| #define PACKAGE_URL ""
| #define DIRECTFB_VERSION "1.6.3"
| #define STDC_HEADERS 1
| #define HAVE_SYS_TYPES_H 1
| #define HAVE_SYS_STAT_H 1
| #define HAVE_STDLIB_H 1
| #define HAVE_STRING_H 1
| #define HAVE_MEMORY_H 1
| #define HAVE_STRINGS_H 1
| #define HAVE_INTTYPES_H 1
| #define HAVE_STDINT_H 1
| #define HAVE_UNISTD_H 1
| #define HAVE_DLFCN_H 1
| #define LT_OBJDIR ".libs/"
| #define STDC_HEADERS 1
| #define SIZEOF_INT 4
| #define SIZEOF_LONG 4
| #define SIZEOF_LONG_LONG 8
| #define HAVE_FORK 1
| #define HAVE_LINUX_UNISTD_H 1
| #define HAVE_SIGNAL_H 1
| #define ARCH_X86 1
| #define HAVE_LIBPTHREAD 1
| #define HAVE_DECL_PTHREAD_MUTEX_RECURSIVE 1
| #define HAVE_DECL_PTHREAD_RECURSIVE_MUTEX_INITIALIZER_NP 1
| #define HAVE_LIBRT 1
| #define HAVE_LIBDL 1
| #define HAVE_INB_OUTB_IOPL 1
| #define HAVE_SYSIO 1
| /* end confdefs.h.  */
| 
| /* Override any GCC internal prototype to avoid an error.
|    Use char because int might match the return type of a GCC
|    builtin and then its argument prototype would still apply.  */
| #ifdef __cplusplus
| extern "C"
| #endif
| char sqrt ();
| int
| main ()
| {
| return sqrt ();
|   ;
|   return 0;
| }
configure:18711: gcc -o conftest -O3 -g2 -ffast-math -pipe  -Wno-error -D_REENTRANT   conftest.c -lm  -ldl -lrt -lpthread  >&5
conftest.c:44:6: warning: conflicting types for built-in function 'sqrt'
 char sqrt ();
      ^
configure:18711: $? = 0
configure:18728: result: -lm
configure:18841: checking whether the binutils support MMX
configure:18845: gcc -c -O3 -g2 -ffast-math -pipe  -D_REENTRANT  conftest.S >&5
configure:18848: $? = 0
configure:18853: result: yes
configure:18858: checking whether the binutils support SSE
configure:18862: gcc -c -O3 -g2 -ffast-math -pipe  -D_REENTRANT  conftest.S >&5
configure:18865: $? = 0
configure:18870: result: yes
configure:19215: checking for libvncserver-config
configure:19246: result: no
configure:19257: WARNING:
*** libvncserver-config not found -- building without VNC support. See http://libvncserver.sourceforge.net
configure:19289: checking for MESA
configure:19296: $PKG_CONFIG --exists --print-errors "glesv2 egl libdrm gbm"
Package glesv2 was not found in the pkg-config search path.
Perhaps you should add the directory containing `glesv2.pc'
to the PKG_CONFIG_PATH environment variable
No package 'glesv2' found
Package egl was not found in the pkg-config search path.
Perhaps you should add the directory containing `egl.pc'
to the PKG_CONFIG_PATH environment variable
No package 'egl' found
Package gbm was not found in the pkg-config search path.
Perhaps you should add the directory containing `gbm.pc'
to the PKG_CONFIG_PATH environment variable
No package 'gbm' found
configure:19299: $? = 1
configure:19313: $PKG_CONFIG --exists --print-errors "glesv2 egl libdrm gbm"
Package glesv2 was not found in the pkg-config search path.
Perhaps you should add the directory containing `glesv2.pc'
to the PKG_CONFIG_PATH environment variable
No package 'glesv2' found
Package egl was not found in the pkg-config search path.
Perhaps you should add the directory containing `egl.pc'
to the PKG_CONFIG_PATH environment variable
No package 'egl' found
Package gbm was not found in the pkg-config search path.
Perhaps you should add the directory containing `gbm.pc'
to the PKG_CONFIG_PATH environment variable
No package 'gbm' found
configure:19316: $? = 1
configure:19330: result: no
No package 'glesv2' found
No package 'egl' found
No package 'gbm' found
configure:19348: WARNING:
*** gl egl libdrm gbm packages not found -- Building without MESA support.
configure:19395: checking for jpeg_destroy_decompress in -ljpeg
configure:19420: gcc -o conftest -O3 -g2 -ffast-math -pipe  -D_REENTRANT   conftest.c -ljpeg  -ldl -lrt -lpthread  >&5
configure:19420: $? = 0
configure:19429: result: yes
configure:19438: checking jpeglib.h usability
configure:19438: gcc -c -O3 -g2 -ffast-math -pipe  -D_REENTRANT  conftest.c >&5
configure:19438: $? = 0
configure:19438: result: yes
configure:19438: checking jpeglib.h presence
configure:19438: gcc -E -D_REENTRANT  conftest.c
configure:19438: $? = 0
configure:19438: result: yes
configure:19438: checking for jpeglib.h
configure:19438: result: yes
configure:19572: checking for LIBPNG
configure:19579: $PKG_CONFIG --exists --print-errors "libpng >= 1.2.2"
configure:19582: $? = 0
configure:19596: $PKG_CONFIG --exists --print-errors "libpng >= 1.2.2"
configure:19599: $? = 0
configure:19641: result: yes
configure:19683: checking for mng_version_text in -lmng
configure:19708: gcc -o conftest -O3 -g2 -ffast-math -pipe  -D_REENTRANT   conftest.c -lmng  -ldl -lrt -lpthread  >&5
/usr/bin/ld: cannot find -lmng
collect2: error: ld returned 1 exit status
configure:19708: $? = 1
configure: failed program was:
| /* confdefs.h */
| #define PACKAGE_NAME ""
| #define PACKAGE_TARNAME ""
| #define PACKAGE_VERSION ""
| #define PACKAGE_STRING ""
| #define PACKAGE_BUGREPORT ""
| #define PACKAGE_URL ""
| #define DIRECTFB_VERSION "1.6.3"
| #define STDC_HEADERS 1
| #define HAVE_SYS_TYPES_H 1
| #define HAVE_SYS_STAT_H 1
| #define HAVE_STDLIB_H 1
| #define HAVE_STRING_H 1
| #define HAVE_MEMORY_H 1
| #define HAVE_STRINGS_H 1
| #define HAVE_INTTYPES_H 1
| #define HAVE_STDINT_H 1
| #define HAVE_UNISTD_H 1
| #define HAVE_DLFCN_H 1
| #define LT_OBJDIR ".libs/"
| #define STDC_HEADERS 1
| #define SIZEOF_INT 4
| #define SIZEOF_LONG 4
| #define SIZEOF_LONG_LONG 8
| #define HAVE_FORK 1
| #define HAVE_LINUX_UNISTD_H 1
| #define HAVE_SIGNAL_H 1
| #define ARCH_X86 1
| #define HAVE_LIBPTHREAD 1
| #define HAVE_DECL_PTHREAD_MUTEX_RECURSIVE 1
| #define HAVE_DECL_PTHREAD_RECURSIVE_MUTEX_INITIALIZER_NP 1
| #define HAVE_LIBRT 1
| #define HAVE_LIBDL 1
| #define HAVE_INB_OUTB_IOPL 1
| #define HAVE_SYSIO 1
| #define USE_MMX 1
| #define USE_SSE 1
| /* end confdefs.h.  */
| 
| /* Override any GCC internal prototype to avoid an error.
|    Use char because int might match the return type of a GCC
|    builtin and then its argument prototype would still apply.  */
| #ifdef __cplusplus
| extern "C"
| #endif
| char mng_version_text ();
| int
| main ()
| {
| return mng_version_text ();
|   ;
|   return 0;
| }
configure:19717: result: no
configure:19747: WARNING:
*** MNG library not found. MNG video provider will not be built.
configure:19878: checking for imlib2-config
configure:19909: result: no
configure:19918: WARNING: *** Imlib2 library not found, building without Imlib2 support ***
configure:19971: checking for libsvg-cairo >= 0.1.6
configure:19981: result: not found
configure:19984: WARNING:
*** SVG-Cairo at least 0.1.6 not found -- SVG image provider will not be built.
configure:20048: checking for jas_image_decode in -ljasper
configure:20073: gcc -o conftest -O3 -g2 -ffast-math -pipe  -D_REENTRANT   conftest.c -ljasper -lm -ldl -lrt -lpthread  >&5
/usr/bin/ld: cannot find -ljasper
collect2: error: ld returned 1 exit status
configure:20073: $? = 1
configure: failed program was:
| /* confdefs.h */
| #define PACKAGE_NAME ""
| #define PACKAGE_TARNAME ""
| #define PACKAGE_VERSION ""
| #define PACKAGE_STRING ""
| #define PACKAGE_BUGREPORT ""
| #define PACKAGE_URL ""
| #define DIRECTFB_VERSION "1.6.3"
| #define STDC_HEADERS 1
| #define HAVE_SYS_TYPES_H 1
| #define HAVE_SYS_STAT_H 1
| #define HAVE_STDLIB_H 1
| #define HAVE_STRING_H 1
| #define HAVE_MEMORY_H 1
| #define HAVE_STRINGS_H 1
| #define HAVE_INTTYPES_H 1
| #define HAVE_STDINT_H 1
| #define HAVE_UNISTD_H 1
| #define HAVE_DLFCN_H 1
| #define LT_OBJDIR ".libs/"
| #define STDC_HEADERS 1
| #define SIZEOF_INT 4
| #define SIZEOF_LONG 4
| #define SIZEOF_LONG_LONG 8
| #define HAVE_FORK 1
| #define HAVE_LINUX_UNISTD_H 1
| #define HAVE_SIGNAL_H 1
| #define ARCH_X86 1
| #define HAVE_LIBPTHREAD 1
| #define HAVE_DECL_PTHREAD_MUTEX_RECURSIVE 1
| #define HAVE_DECL_PTHREAD_RECURSIVE_MUTEX_INITIALIZER_NP 1
| #define HAVE_LIBRT 1
| #define HAVE_LIBDL 1
| #define HAVE_INB_OUTB_IOPL 1
| #define HAVE_SYSIO 1
| #define USE_MMX 1
| #define USE_SSE 1
| /* end confdefs.h.  */
| 
| /* Override any GCC internal prototype to avoid an error.
|    Use char because int might match the return type of a GCC
|    builtin and then its argument prototype would still apply.  */
| #ifdef __cplusplus
| extern "C"
| #endif
| char jas_image_decode ();
| int
| main ()
| {
| return jas_image_decode ();
|   ;
|   return 0;
| }
configure:20082: result: no
configure:20104: WARNING:
*** Jasper not found. JPEG2000 image provider will not be built.
configure:20133: checking for FREETYPE
configure:20140: $PKG_CONFIG --exists --print-errors "freetype2"
configure:20143: $? = 0
configure:20157: $PKG_CONFIG --exists --print-errors "freetype2"
configure:20160: $? = 0
configure:20202: result: yes
configure:20232: checking for LINOTYPE
configure:20239: $PKG_CONFIG --exists --print-errors "linotype"
Package linotype was not found in the pkg-config search path.
Perhaps you should add the directory containing `linotype.pc'
to the PKG_CONFIG_PATH environment variable
No package 'linotype' found
configure:20242: $? = 1
configure:20256: $PKG_CONFIG --exists --print-errors "linotype"
Package linotype was not found in the pkg-config search path.
Perhaps you should add the directory containing `linotype.pc'
to the PKG_CONFIG_PATH environment variable
No package 'linotype' found
configure:20259: $? = 1
configure:20273: result: no
No package 'linotype' found
configure:20290: WARNING: *** no linotype -- LinoType font provider will not be built.
configure:20392: checking which gfxdrivers should be built
configure:20841: checking which inputdrivers should be built
configure:20947: result: keyboard linuxinput lirc ps2mouse serialmouse input_hub lirc
configure:21036: checking linux/input.h usability
configure:21036: gcc -c -O3 -g2 -ffast-math -pipe  -D_REENTRANT  conftest.c >&5
configure:21036: $? = 0
configure:21036: result: yes
configure:21036: checking linux/input.h presence
configure:21036: gcc -E -D_REENTRANT  conftest.c
configure:21036: $? = 0
configure:21036: result: yes
configure:21036: checking for linux/input.h
configure:21036: result: yes
configure:21048: checking for struct input_absinfo in linux/input.h
configure:21061: gcc -c -O3 -g2 -ffast-math -pipe  -D_REENTRANT  conftest.c >&5
configure:21061: $? = 0
configure:21065: result: yes
configure:21102: checking linux/serial.h usability
configure:21102: gcc -c -O3 -g2 -ffast-math -pipe  -D_REENTRANT  conftest.c >&5
configure:21102: $? = 0
configure:21102: result: yes
configure:21102: checking linux/serial.h presence
configure:21102: gcc -E -D_REENTRANT  conftest.c
configure:21102: $? = 0
configure:21102: result: yes
configure:21102: checking for linux/serial.h
configure:21102: result: yes
configure:22176: checking that generated files are newer than configure
configure:22182: result: done
configure:22216: checking that generated files are newer than configure
configure:22222: result: done
configure:22618: creating ./config.status

## ---------------------- ##
## Running config.status. ##
## ---------------------- ##

This file was extended by config.status, which was
generated by GNU Autoconf 2.69.  Invocation command line was

  CONFIG_FILES    = 
  CONFIG_HEADERS  = 
  CONFIG_LINKS    = 
  CONFIG_COMMANDS = 
  $ ./config.status 

on ubuntu

config.status:1614: creating build-android/Makefile
config.status:1614: creating directfb-config
config.status:1614: creating directfb.pc
config.status:1614: creating directfb-internal.pc
config.status:1614: creating directfb.spec
config.status:1614: creating Makefile
config.status:1614: creating include/Makefile
config.status:1614: creating include/directfb_build.h
config.status:1614: creating include/directfb_version.h
config.status:1614: creating lib/Makefile
config.status:1614: creating lib/direct/Makefile
config.status:1614: creating lib/direct/build.h
config.status:1614: creating lib/direct/direct.pc
config.status:1614: creating lib/direct/os/Makefile
config.status:1614: creating lib/direct/os/linux/glibc/Makefile
config.status:1614: creating lib/fusion/Makefile
config.status:1614: creating lib/fusion/build.h
config.status:1614: creating lib/fusion/fusion.pc
config.status:1614: creating lib/fusion/shm/Makefile
config.status:1614: creating lib/One/Makefile
config.status:1614: creating lib/One/one.pc
config.status:1614: creating lib/voodoo/Makefile
config.status:1614: creating lib/voodoo/build.h
config.status:1614: creating lib/voodoo/unix/Makefile
config.status:1614: creating lib/voodoo/voodoo.pc
config.status:1614: creating lib/sawman/Makefile
config.status:1614: creating lib/sawman/sawman.pc
config.status:1614: creating lib/fusiondale/Makefile
config.status:1614: creating lib/fusiondale/coma/Makefile
config.status:1614: creating lib/fusiondale/core/Makefile
config.status:1614: creating lib/fusiondale/messenger/Makefile
config.status:1614: creating lib/fusiondale/misc/Makefile
config.status:1614: creating lib/fusiondale/one/Makefile
config.status:1614: creating lib/fusiondale/fusiondale.pc
config.status:1614: creating lib/fusiondale/fusiondale_version.h
config.status:1614: creating lib/divine/Makefile
config.status:1614: creating lib/divine/divine.pc
config.status:1614: creating patches/Makefile
config.status:1614: creating proxy/Makefile
config.status:1614: creating proxy/dispatcher/Makefile
config.status:1614: creating proxy/requestor/Makefile
config.status:1614: creating rules/Makefile
config.status:1614: creating src/Makefile
config.status:1614: creating src/core/Makefile
config.status:1614: creating src/display/Makefile
config.status:1614: creating src/gfx/Makefile
config.status:1614: creating src/gfx/generic/Makefile
config.status:1614: creating src/input/Makefile
config.status:1614: creating src/media/Makefile
config.status:1614: creating src/misc/Makefile
config.status:1614: creating src/windows/Makefile
config.status:1614: creating systems/Makefile
config.status:1614: creating systems/android/Makefile
config.status:1614: creating systems/devmem/Makefile
config.status:1614: creating systems/dummy/Makefile
config.status:1614: creating systems/fbdev/Makefile
config.status:1614: creating systems/mesa/Makefile
config.status:1614: creating systems/pvr2d/Makefile
config.status:1614: creating systems/egl/Makefile
config.status:1614: creating systems/x11/Makefile
config.status:1614: creating systems/x11vdpau/Makefile
config.status:1614: creating systems/osx/Makefile
config.status:1614: creating systems/sdl/Makefile
config.status:1614: creating systems/vnc/Makefile
config.status:1614: creating wm/Makefile
config.status:1614: creating wm/default/Makefile
config.status:1614: creating wm/unique/Makefile
config.status:1614: creating wm/unique/classes/Makefile
config.status:1614: creating wm/unique/data/Makefile
config.status:1614: creating wm/unique/devices/Makefile
config.status:1614: creating wm/sawman/Makefile
config.status:1614: creating gfxdrivers/Makefile
config.status:1614: creating gfxdrivers/ati128/Makefile
config.status:1614: creating gfxdrivers/cle266/Makefile
config.status:1614: creating gfxdrivers/cyber5k/Makefile
config.status:1614: creating gfxdrivers/davinci/Makefile
config.status:1614: creating gfxdrivers/ep9x/Makefile
config.status:1614: creating gfxdrivers/gl/Makefile
config.status:1614: creating gfxdrivers/gles2/Makefile
config.status:1614: creating gfxdrivers/i810/Makefile
config.status:1614: creating gfxdrivers/i830/Makefile
config.status:1614: creating gfxdrivers/mach64/Makefile
config.status:1614: creating gfxdrivers/matrox/Makefile
config.status:1614: creating gfxdrivers/neomagic/Makefile
config.status:1614: creating gfxdrivers/nsc/Makefile
config.status:1614: creating gfxdrivers/nsc/include/Makefile
config.status:1614: creating gfxdrivers/nvidia/Makefile
config.status:1614: creating gfxdrivers/omap/Makefile
config.status:1614: creating gfxdrivers/pvr2d/Makefile
config.status:1614: creating gfxdrivers/pxa3xx/Makefile
config.status:1614: creating gfxdrivers/radeon/Makefile
config.status:1614: creating gfxdrivers/savage/Makefile
config.status:1614: creating gfxdrivers/sh772x/Makefile
config.status:1614: creating gfxdrivers/sis315/Makefile
config.status:1614: creating gfxdrivers/tdfx/Makefile
config.status:1614: creating gfxdrivers/unichrome/Makefile
config.status:1614: creating gfxdrivers/vdpau/Makefile
config.status:1614: creating gfxdrivers/vmware/Makefile
config.status:1614: creating inputdrivers/Makefile
config.status:1614: creating inputdrivers/dbox2remote/Makefile
config.status:1614: creating inputdrivers/divine/Makefile
config.status:1614: creating inputdrivers/dreamboxremote/Makefile
config.status:1614: creating inputdrivers/dynapro/Makefile
config.status:1614: creating inputdrivers/elo/Makefile
config.status:1614: creating inputdrivers/gunze/Makefile
config.status:1614: creating inputdrivers/h3600_ts/Makefile
config.status:1614: creating inputdrivers/input_hub/Makefile
config.status:1614: creating inputdrivers/joystick/Makefile
config.status:1614: creating inputdrivers/keyboard/Makefile
config.status:1614: creating inputdrivers/linux_input/Makefile
config.status:1614: creating inputdrivers/lirc/Makefile
config.status:1614: creating inputdrivers/mutouch/Makefile
config.status:1614: creating inputdrivers/zytronic/Makefile
config.status:1614: creating inputdrivers/penmount/Makefile
config.status:1614: creating inputdrivers/ps2mouse/Makefile
config.status:1614: creating inputdrivers/serialmouse/Makefile
config.status:1614: creating inputdrivers/sonypi/Makefile
config.status:1614: creating inputdrivers/tslib/Makefile
config.status:1614: creating inputdrivers/ucb1x00_ts/Makefile
config.status:1614: creating inputdrivers/wm97xx_ts/Makefile
config.status:1614: creating interfaces/Makefile
config.status:1614: creating interfaces/ICoreResourceManager/Makefile
config.status:1614: creating interfaces/IDirectFBFont/Makefile
config.status:1614: creating interfaces/IDirectFBImageProvider/Makefile
config.status:1614: creating interfaces/IDirectFBImageProvider/mpeg2/Makefile
config.status:1614: creating interfaces/IDirectFBVideoProvider/Makefile
config.status:1614: creating interfaces/IDirectFBWindows/Makefile
config.status:1614: creating interfaces/IWater/Makefile
config.status:1614: creating data/Makefile
config.status:1614: creating tests/Makefile
config.status:1614: creating tests/voodoo/Makefile
config.status:1614: creating tools/Makefile
config.status:1614: creating examples/fusiondale/Makefile
config.status:1614: creating docs/Makefile
config.status:1614: creating docs/dfbg.1
config.status:1614: creating docs/directfb-csource.1
config.status:1614: creating docs/directfbrc.5
config.status:1614: creating docs/html/Makefile
config.status:1614: creating config.h
config.status:1795: config.h is unchanged
config.status:1843: executing depfiles commands
config.status:1843: executing libtool commands
config.status:1843: executing default commands
configure:25242: WARNING: unrecognized options: --disable-fusionsound
configure:25333: result:
Build options:
  Version                   1.6.3
  Linux powered             yes
  Install prefix            /opt/opendfb
  Config files in           /opt/opendfb/etc
  Build shared libs         yes
  Build static libs         no
  Module directory          ${exec_prefix}/lib/directfb-1.6-0
  CPPFLAGS                  -D_REENTRANT 
  CFLAGS                    -Wall -Wstrict-prototypes -Wmissing-prototypes -Wno-strict-aliasing -Werror-implicit-function-declaration -O3 -g2 -ffast-math -pipe  -D_GNU_SOURCE  -finstrument-functions -std=gnu99 -Werror-implicit-function-declaration
  LDFLAGS                   
  LIBS                      -ldl -lrt -lpthread 
  DYNLIB                    -ldl
  RTLIB                     -lrt
  THREADFLAGS               -D_REENTRANT
  THREADLIB                 -lpthread

Misc options:
  Multi Application Core    yes
  Fusion Kernel Device      yes
  Fusion message size       16384
  Fluxed args size          1024
  One (IPC)                 yes
  Voodoo (network support)  no
  Pure Voodoo (net only)    no
  DiVine (virtual input)    yes
  FusionDale                no
  Debug supported           yes
  Debug enabled             no
  Trace support             yes
  MMX support               yes
  SSE support               yes
  Network support           no
  Include all strings       yes
  Software Rendering        yes
  Smooth SW Scaling         no
  Dithering                 none
  Dithering 565             none
  zlib compression          no                 
  Using setsockopt          yes

Building Tests              no
Building Tools              yes

Building System Modules:
  Linux FBDev support       yes
  Generic /dev/mem support  yes
  Mesa/DRM/KMS support      no                 
  PVR2D                     no                
  EGL                       no                  
  X11 support               yes                  -lX11 -lXext 
  X11/VDPAU support         no             
  OSX support               no                  
  SDL support               no                  
  VNC support               no                  

Building Window Manager Modules:
  Default                   yes
  UniQuE                    no
  SaWMan                    no

Building Image Provider Modules:
  GIF                       yes
  JPEG                      yes                 -ljpeg
  PNG                       yes                  -I/usr/include/libpng12  -lpng12 
  Imlib2                    no                
  PNM                       no
  SVG                       no                   
  BMP                       yes
  JPEG2000                  no             
  MPEG2                     yes


Building Video Provider Modules:
  GIF                       yes
  Video4Linux               no (v2: no)
  MNG                       no                  
  Gstreamer                 no (v1: no)        
    with FusionSound        no

Building Font Modules:
  FreeType2                 yes                 -I/usr/include/freetype2  -lfreetype 
  LinoType                  no                  
  Default font              yes
configure:25470: result:
Building Graphics Drivers:
  3Dfx Voodoo               no
  ATI Mach64                no
  ATI Rage 128              no
  ATI Radeon                no
  Cirrus EP9X               no
  Intel i810                no
  Intel i830                no
  Matrox                    no
  NeoMagic                  no
  NSC Geode                 no
  nVidia                    no
  PVR2D                     no
  PXA 3xx                   no
  Renesas SH7722/SH7723     no
  S3 Savage                 no
  SiS 315                   no
  TI Davinci                no
  TI OMAP                   no
  TVIA CyberPro             no
  VIA CLE266                no
  VIA UniChrome             no
  VMWare                    no
  VDPAU                     no
  --
  OpenGL                    no (GLX: no)
  OpenGL ES 2.0             no (Mesa:  no, PVR2D: no)
                                        

Building Input Drivers:
  DBox2 Remote              no
  DreamBox Remote           no
  Dynapro Touchscreen       no
  ELO Touchscreen           no
  Gunze Touchscreen         no
  H3600 Touchscreen         no
  Input Hub                 yes
  Joystick                  no
  Keyboard                  yes
  Linux Input               yes
  LiRC                      yes
  MuTouch touchscreen       no
  Zytronic touchscreen      no
  PS/2 Mouse                yes
  Serial Mouse              yes
  SonyPI Jogdial            no
  tslib                     no                  
  ucb1x00 Touchscreen       no
  WM97xx Touchscreen        no
configure:25524: result:    


## ---------------- ##
## Cache variables. ##
## ---------------- ##

ac_cv_build=i686-pc-linux-gnu
ac_cv_c_bigendian=no
ac_cv_c_compiler_gnu=yes
ac_cv_cxx_compiler_gnu=yes
ac_cv_env_CCASFLAGS_set=
ac_cv_env_CCASFLAGS_value=
ac_cv_env_CCAS_set=
ac_cv_env_CCAS_value=
ac_cv_env_CCC_set=
ac_cv_env_CCC_value=
ac_cv_env_CC_set=
ac_cv_env_CC_value=
ac_cv_env_CFLAGS_set=
ac_cv_env_CFLAGS_value=
ac_cv_env_CPPFLAGS_set=
ac_cv_env_CPPFLAGS_value=
ac_cv_env_CPP_set=
ac_cv_env_CPP_value=
ac_cv_env_CXXCPP_set=
ac_cv_env_CXXCPP_value=
ac_cv_env_CXXFLAGS_set=
ac_cv_env_CXXFLAGS_value=
ac_cv_env_CXX_set=
ac_cv_env_CXX_value=
ac_cv_env_EGL_CFLAGS_set=
ac_cv_env_EGL_CFLAGS_value=
ac_cv_env_EGL_LIBS_set=
ac_cv_env_EGL_LIBS_value=
ac_cv_env_FREETYPE_CFLAGS_set=
ac_cv_env_FREETYPE_CFLAGS_value=
ac_cv_env_FREETYPE_LIBS_set=
ac_cv_env_FREETYPE_LIBS_value=
ac_cv_env_LDFLAGS_set=
ac_cv_env_LDFLAGS_value=
ac_cv_env_LIBPNG_CFLAGS_set=
ac_cv_env_LIBPNG_CFLAGS_value=
ac_cv_env_LIBPNG_LIBS_set=
ac_cv_env_LIBPNG_LIBS_value=
ac_cv_env_LIBS_set=
ac_cv_env_LIBS_value=
ac_cv_env_LINOTYPE_CFLAGS_set=
ac_cv_env_LINOTYPE_CFLAGS_value=
ac_cv_env_LINOTYPE_LIBS_set=
ac_cv_env_LINOTYPE_LIBS_value=
ac_cv_env_MESA_CFLAGS_set=
ac_cv_env_MESA_CFLAGS_value=
ac_cv_env_MESA_LIBS_set=
ac_cv_env_MESA_LIBS_value=
ac_cv_env_PKG_CONFIG_LIBDIR_set=
ac_cv_env_PKG_CONFIG_LIBDIR_value=
ac_cv_env_PKG_CONFIG_PATH_set=
ac_cv_env_PKG_CONFIG_PATH_value=
ac_cv_env_PKG_CONFIG_set=
ac_cv_env_PKG_CONFIG_value=
ac_cv_env_SDL_CFLAGS_set=
ac_cv_env_SDL_CFLAGS_value=
ac_cv_env_SDL_LIBS_set=
ac_cv_env_SDL_LIBS_value=
ac_cv_env_SH772X_DEP_CFLAGS_set=
ac_cv_env_SH772X_DEP_CFLAGS_value=
ac_cv_env_SH772X_DEP_LIBS_set=
ac_cv_env_SH772X_DEP_LIBS_value=
ac_cv_env_SH772X_SHJPEG_DEP_CFLAGS_set=
ac_cv_env_SH772X_SHJPEG_DEP_CFLAGS_value=
ac_cv_env_SH772X_SHJPEG_DEP_LIBS_set=
ac_cv_env_SH772X_SHJPEG_DEP_LIBS_value=
ac_cv_env_TSLIB_CFLAGS_set=
ac_cv_env_TSLIB_CFLAGS_value=
ac_cv_env_TSLIB_LIBS_set=
ac_cv_env_TSLIB_LIBS_value=
ac_cv_env_X11VDPAU_CFLAGS_set=
ac_cv_env_X11VDPAU_CFLAGS_value=
ac_cv_env_X11VDPAU_LIBS_set=
ac_cv_env_X11VDPAU_LIBS_value=
ac_cv_env_X11_CFLAGS_set=
ac_cv_env_X11_CFLAGS_value=
ac_cv_env_X11_LIBS_set=
ac_cv_env_X11_LIBS_value=
ac_cv_env_build_alias_set=
ac_cv_env_build_alias_value=
ac_cv_env_host_alias_set=
ac_cv_env_host_alias_value=
ac_cv_env_target_alias_set=
ac_cv_env_target_alias_value=
ac_cv_func_fork=yes
ac_cv_have_decl_PTHREAD_MUTEX_RECURSIVE=yes
ac_cv_have_decl_PTHREAD_RECURSIVE_MUTEX_INITIALIZER_NP=yes
ac_cv_header_Carbon_Carbon_h=no
ac_cv_header_asm_page_h=no
ac_cv_header_dlfcn_h=yes
ac_cv_header_inttypes_h=yes
ac_cv_header_jpeglib_h=yes
ac_cv_header_linux_compiler_h=no
ac_cv_header_linux_fusion_h=yes
ac_cv_header_linux_input_h=yes
ac_cv_header_linux_serial_h=yes
ac_cv_header_linux_unistd_h=yes
ac_cv_header_memory_h=yes
ac_cv_header_signal_h=yes
ac_cv_header_stdbool_h=yes
ac_cv_header_stdc=yes
ac_cv_header_stdint_h=yes
ac_cv_header_stdlib_h=yes
ac_cv_header_string_h=yes
ac_cv_header_strings_h=yes
ac_cv_header_sys_stat_h=yes
ac_cv_header_sys_types_h=yes
ac_cv_header_unistd_h=yes
ac_cv_host=i686-pc-linux-gnu
ac_cv_lib_dl_dlopen=yes
ac_cv_lib_jasper_jas_image_decode=no
ac_cv_lib_jpeg_jpeg_destroy_decompress=yes
ac_cv_lib_mng_mng_version_text=no
ac_cv_lib_pthread_pthread_attr_init=yes
ac_cv_lib_rt_clock_gettime=yes
ac_cv_objext=o
ac_cv_path_EGREP='/bin/grep -E'
ac_cv_path_FGREP='/bin/grep -F'
ac_cv_path_GREP=/bin/grep
ac_cv_path_IMLIB2_CONFIG=no
ac_cv_path_MAN2HTML=no
ac_cv_path_PERL=/usr/bin/perl
ac_cv_path_SED=/bin/sed
ac_cv_path_VNC_CONFIG=no
ac_cv_path_ac_pt_FLUXCOMP=/usr/local/bin/fluxcomp
ac_cv_path_ac_pt_PKG_CONFIG=/usr/bin/pkg-config
ac_cv_path_install='/usr/bin/install -c'
ac_cv_path_mkdir=/bin/mkdir
ac_cv_prog_AWK=mawk
ac_cv_prog_CPP='gcc -E'
ac_cv_prog_CXXCPP='g++ -E'
ac_cv_prog_ac_ct_AR=ar
ac_cv_prog_ac_ct_CC=gcc
ac_cv_prog_ac_ct_CXX=g++
ac_cv_prog_ac_ct_MANIFEST_TOOL=mt
ac_cv_prog_ac_ct_OBJDUMP=objdump
ac_cv_prog_ac_ct_RANLIB=ranlib
ac_cv_prog_ac_ct_STRIP=strip
ac_cv_prog_cc_c89=
ac_cv_prog_cc_g=yes
ac_cv_prog_cxx_g=yes
ac_cv_prog_make_make_set=yes
ac_cv_search_sqrt=-lm
ac_cv_search_strerror='none required'
ac_cv_sizeof_int=4
ac_cv_sizeof_long=4
ac_cv_sizeof_long_long=8
ac_cv_target=i686-pc-linux-gnu
am_cv_CCAS_dependencies_compiler_type=gcc3
am_cv_CC_dependencies_compiler_type=gcc3
am_cv_CXX_dependencies_compiler_type=gcc3
am_cv_make_support_nested_variables=yes
am_cv_prog_cc_c_o=yes
lt_cv_ar_at_file=@
lt_cv_archive_cmds_need_lc=no
lt_cv_deplibs_check_method=pass_all
lt_cv_file_magic_cmd='$MAGIC_CMD'
lt_cv_file_magic_test_file=
lt_cv_ld_reload_flag=-r
lt_cv_nm_interface='BSD nm'
lt_cv_objdir=.libs
lt_cv_path_LD=/usr/bin/ld
lt_cv_path_LDCXX=/usr/bin/ld
lt_cv_path_NM='/usr/bin/nm -B'
lt_cv_path_mainfest_tool=no
lt_cv_prog_compiler_c_o=yes
lt_cv_prog_compiler_c_o_CXX=yes
lt_cv_prog_compiler_pic='-fPIC -DPIC'
lt_cv_prog_compiler_pic_CXX='-fPIC -DPIC'
lt_cv_prog_compiler_pic_works=yes
lt_cv_prog_compiler_pic_works_CXX=yes
lt_cv_prog_compiler_rtti_exceptions=no
lt_cv_prog_compiler_static_works=yes
lt_cv_prog_compiler_static_works_CXX=yes
lt_cv_prog_gnu_ld=yes
lt_cv_prog_gnu_ldcxx=yes
lt_cv_sharedlib_from_linklib_cmd='printf %s\n'
lt_cv_shlibpath_overrides_runpath=no
lt_cv_sys_global_symbol_pipe='sed -n -e '\''s/^.*[	 ]\([ABCDGIRSTW][ABCDGIRSTW]*\)[	 ][	 ]*\([_A-Za-z][_A-Za-z0-9]*\)$/\1 \2 \2/p'\'' | sed '\''/ __gnu_lto/d'\'''
lt_cv_sys_global_symbol_to_c_name_address='sed -n -e '\''s/^: \([^ ]*\)[ ]*$/  {\"\1\", (void *) 0},/p'\'' -e '\''s/^[ABCDGIRSTW]* \([^ ]*\) \([^ ]*\)$/  {"\2", (void *) \&\2},/p'\'''
lt_cv_sys_global_symbol_to_c_name_address_lib_prefix='sed -n -e '\''s/^: \([^ ]*\)[ ]*$/  {\"\1\", (void *) 0},/p'\'' -e '\''s/^[ABCDGIRSTW]* \([^ ]*\) \(lib[^ ]*\)$/  {"\2", (void *) \&\2},/p'\'' -e '\''s/^[ABCDGIRSTW]* \([^ ]*\) \([^ ]*\)$/  {"lib\2", (void *) \&\2},/p'\'''
lt_cv_sys_global_symbol_to_cdecl='sed -n -e '\''s/^T .* \(.*\)$/extern int \1();/p'\'' -e '\''s/^[ABCDGIRSTW]* .* \(.*\)$/extern char \1;/p'\'''
lt_cv_sys_max_cmd_len=1572864
lt_cv_to_host_file_cmd=func_convert_file_noop
lt_cv_to_tool_file_cmd=func_convert_file_noop
pkg_cv_FREETYPE_CFLAGS='-I/usr/include/freetype2 '
pkg_cv_FREETYPE_LIBS='-lfreetype '
pkg_cv_LIBPNG_CFLAGS='-I/usr/include/libpng12 '
pkg_cv_LIBPNG_LIBS='-lpng12 '
pkg_cv_X11_CFLAGS=
pkg_cv_X11_LIBS='-lX11 -lXext '

## ----------------- ##
## Output variables. ##
## ----------------- ##

ACLOCAL='aclocal-1.14 '
AMDEPBACKSLASH='\'
AMDEP_FALSE='#'
AMDEP_TRUE=''
AMTAR='$${TAR-tar}'
AM_BACKSLASH='\'
AM_DEFAULT_V='$(AM_DEFAULT_VERBOSITY)'
AM_DEFAULT_VERBOSITY='0'
AM_V='$(V)'
AR='ar'
AS='gcc'
ASFLAGS='-ffast-math -pipe '
AUTOCONF='autoconf'
AUTOHEADER='autoheader'
AUTOMAKE='automake-1.14'
AWK='mawk'
BMP_FALSE='#'
BMP_TRUE=''
BUILDARMASM_FALSE=''
BUILDARMASM_TRUE='#'
BUILDMMX_FALSE='#'
BUILDMMX_TRUE=''
BUILDPPCASM_FALSE=''
BUILDPPCASM_TRUE='#'
BUILD_DIRECTFB_CSOURCE_FALSE='#'
BUILD_DIRECTFB_CSOURCE_TRUE=''
BUILD_SHARED_FALSE='#'
BUILD_SHARED_TRUE=''
BUILD_STATIC_FALSE=''
BUILD_STATIC_TRUE='#'
BUILD_TESTS_FALSE=''
BUILD_TESTS_TRUE='#'
BUILD_TOOLS_FALSE='#'
BUILD_TOOLS_TRUE=''
CC='gcc'
CCAS='gcc'
CCASDEPMODE='depmode=gcc3'
CCASFLAGS='-g -O2'
CCDEPMODE='depmode=gcc3'
CFLAGS='-Wall -Wstrict-prototypes -Wmissing-prototypes -Wno-strict-aliasing -Werror-implicit-function-declaration -O3 -g2 -ffast-math -pipe  -D_GNU_SOURCE  -finstrument-functions -std=gnu99 -Werror-implicit-function-declaration'
CPP='gcc -E'
CPPFLAGS='-D_REENTRANT '
CROSS_COMPILING_FALSE=''
CROSS_COMPILING_TRUE='#'
CXX='g++'
CXXCPP='g++ -E'
CXXDEPMODE='depmode=gcc3'
CXXFLAGS='-Wall -Wno-strict-aliasing -g -O2 -O3 -g2 -ffast-math -pipe  -D_GNU_SOURCE  -finstrument-functions'
CYGPATH_W='echo'
DATADIR='${datarootdir}/directfb-1.6.3'
DBOX2REMOTE_FALSE=''
DBOX2REMOTE_TRUE='#'
DEFS='-DHAVE_CONFIG_H'
DEPDIR='.deps'
DEP_ONE='one'
DEP_VOODOO=''
DEVMEM_CORE_FALSE='#'
DEVMEM_CORE_TRUE=''
DFB_CFLAGS_OMIT_FRAME_POINTER='-fomit-frame-pointer'
DFB_INTERNAL_CFLAGS='-D_GNU_SOURCE  -finstrument-functions'
DFB_LDFLAGS=' '
DFB_SMOOTH_SCALING=''
DIRECTFB_BINARY_AGE='3'
DIRECTFB_BUILD_ONE='1'
DIRECTFB_BUILD_ONE_FALSE='#'
DIRECTFB_BUILD_ONE_TRUE=''
DIRECTFB_BUILD_PURE_VOODOO='0'
DIRECTFB_BUILD_PURE_VOODOO_FALSE=''
DIRECTFB_BUILD_PURE_VOODOO_TRUE='#'
DIRECTFB_BUILD_VOODOO='0'
DIRECTFB_BUILD_VOODOO_FALSE=''
DIRECTFB_BUILD_VOODOO_TRUE='#'
DIRECTFB_CSOURCE=''
DIRECTFB_INTERFACE_AGE='0'
DIRECTFB_MAJOR_VERSION='1'
DIRECTFB_MICRO_VERSION='3'
DIRECTFB_MINOR_VERSION='6'
DIRECTFB_VERSION='1.6.3'
DIRECT_BUILD_DEBUG='0'
DIRECT_BUILD_DEBUGS='1'
DIRECT_BUILD_DYNLOAD='1'
DIRECT_BUILD_GETTID='1'
DIRECT_BUILD_MULTICORE='1'
DIRECT_BUILD_NETWORK='0'
DIRECT_BUILD_OSTYPE='DIRECT_OS_LINUX_GNU_LIBC'
DIRECT_BUILD_STDBOOL='1'
DIRECT_BUILD_TEXT='1'
DIRECT_BUILD_TRACE='1'
DLLTOOL='false'
DREAMBOXREMOTE_FALSE=''
DREAMBOXREMOTE_TRUE='#'
DSYMUTIL=''
DUMPBIN=''
DYNAPRO_INPUT_FALSE=''
DYNAPRO_INPUT_TRUE='#'
DYNLIB='-ldl'
ECHO_C=''
ECHO_N='-n'
ECHO_T=''
EGL_CFLAGS=''
EGL_CORE_FALSE=''
EGL_CORE_TRUE='#'
EGL_LIBS=''
EGREP='/bin/grep -E'
ELO_INPUT_FALSE=''
ELO_INPUT_TRUE='#'
ENABLE_DEBUGS_FALSE='#'
ENABLE_DEBUGS_TRUE=''
ENABLE_DEBUG_FALSE=''
ENABLE_DEBUG_TRUE='#'
ENABLE_DIVINE_FALSE='#'
ENABLE_DIVINE_TRUE=''
ENABLE_FUSIONDALE_FALSE=''
ENABLE_FUSIONDALE_TRUE='#'
ENABLE_MULTI_FALSE='#'
ENABLE_MULTI_TRUE=''
ENABLE_ONE_FALSE='#'
ENABLE_ONE_TRUE=''
ENABLE_SAWMAN_FALSE=''
ENABLE_SAWMAN_TRUE='#'
ENABLE_TRACE_FALSE='#'
ENABLE_TRACE_TRUE=''
ENABLE_UNIQUE_FALSE=''
ENABLE_UNIQUE_TRUE='#'
ENABLE_VOODOO_FALSE=''
ENABLE_VOODOO_TRUE='#'
EXEEXT=''
FBDEV_CORE_FALSE='#'
FBDEV_CORE_TRUE=''
FGREP='/bin/grep -F'
FLUXCOMP='/usr/local/bin/fluxcomp'
FLUXED_ARGS_BYTES='1024'
FREETYPE_CFLAGS='-I/usr/include/freetype2 '
FREETYPE_LIBS='-lfreetype '
FREETYPE_PROVIDER=''
FREETYPE_PROVIDER_FALSE='#'
FREETYPE_PROVIDER_TRUE=''
FUSIONSOUND_INCL=''
FUSIONSOUND_LIBS=''
FUSION_BUILD_KERNEL='1'
FUSION_BUILD_MULTI='1'
FUSION_MESSAGE_SIZE='16384'
GFX_ATI128_FALSE=''
GFX_ATI128_TRUE='#'
GFX_CLE266_FALSE=''
GFX_CLE266_TRUE='#'
GFX_CYBER5K_FALSE=''
GFX_CYBER5K_TRUE='#'
GFX_DAVINCI_FALSE=''
GFX_DAVINCI_TRUE='#'
GFX_EP9X_FALSE=''
GFX_EP9X_TRUE='#'
GFX_GLES2_FALSE=''
GFX_GLES2_TRUE='#'
GFX_GLX_FALSE=''
GFX_GLX_TRUE='#'
GFX_GL_FALSE=''
GFX_GL_TRUE='#'
GFX_I810_FALSE=''
GFX_I810_TRUE='#'
GFX_I830_FALSE=''
GFX_I830_TRUE='#'
GFX_MACH64_FALSE=''
GFX_MACH64_TRUE='#'
GFX_MATROX_FALSE=''
GFX_MATROX_TRUE='#'
GFX_NEOMAGIC_FALSE=''
GFX_NEOMAGIC_TRUE='#'
GFX_NSC_FALSE=''
GFX_NSC_TRUE='#'
GFX_NVIDIA_FALSE=''
GFX_NVIDIA_TRUE='#'
GFX_OMAP_FALSE=''
GFX_OMAP_TRUE='#'
GFX_PVR2D_FALSE=''
GFX_PVR2D_TRUE='#'
GFX_PXA3XX_FALSE=''
GFX_PXA3XX_TRUE='#'
GFX_RADEON_FALSE=''
GFX_RADEON_TRUE='#'
GFX_SAVAGE_FALSE=''
GFX_SAVAGE_TRUE='#'
GFX_SH772X_FALSE=''
GFX_SH772X_TRUE='#'
GFX_SIS315_FALSE=''
GFX_SIS315_TRUE='#'
GFX_TDFX_FALSE=''
GFX_TDFX_TRUE='#'
GFX_UNICHROME_FALSE=''
GFX_UNICHROME_TRUE='#'
GFX_VDPAU_FALSE=''
GFX_VDPAU_TRUE='#'
GFX_VMWARE_FALSE=''
GFX_VMWARE_TRUE='#'
GIF_PROVIDER=''
GIF_PROVIDER_FALSE='#'
GIF_PROVIDER_TRUE=''
GLES2_CFLAGS=''
GLES2_LIBS=''
GL_LIBS=''
GREP='/bin/grep'
GSTREAMER_INCL=''
GSTREAMER_LIBS=''
GSTREAMER_PROVIDER_FALSE=''
GSTREAMER_PROVIDER_TRUE='#'
GUNZE_INPUT_FALSE=''
GUNZE_INPUT_TRUE='#'
H3600_TS_FALSE=''
H3600_TS_TRUE='#'
HAVE_FUSIONSOUND_FALSE=''
HAVE_FUSIONSOUND_TRUE='#'
HAVE_LINUX=''
HAVE_LINUX_FALSE='#'
HAVE_LINUX_TRUE=''
HAVE_MAN2HTML_FALSE=''
HAVE_MAN2HTML_TRUE='#'
IMLIB2_CFLAGS=''
IMLIB2_CONFIG='no'
IMLIB2_FALSE=''
IMLIB2_LIBS=''
IMLIB2_TRUE='#'
INCLUDEDIR='${prefix}/include/directfb'
INPUT_HUB_FALSE='#'
INPUT_HUB_TRUE=''
INSTALL_DATA='${INSTALL} -m 644'
INSTALL_PROGRAM='${INSTALL}'
INSTALL_SCRIPT='${INSTALL}'
INSTALL_STRIP_PROGRAM='$(install_sh) -c -s'
INTERNALINCLUDEDIR='${prefix}/include/directfb-internal'
JASPER_LIBS=''
JOYSTICK_INPUT_FALSE=''
JOYSTICK_INPUT_TRUE='#'
JPEG2000_FALSE=''
JPEG2000_TRUE='#'
JPEG_PROVIDER=''
JPEG_PROVIDER_FALSE='#'
JPEG_PROVIDER_TRUE=''
KEYBOARD_INPUT_FALSE='#'
KEYBOARD_INPUT_TRUE=''
LD='/usr/bin/ld'
LDFLAGS=''
LIBJPEG='-ljpeg'
LIBM='-lm'
LIBMNG=''
LIBOBJS=''
LIBPNG_CFLAGS='-I/usr/include/libpng12 '
LIBPNG_LIBS='-lpng12 '
LIBS='-ldl -lrt -lpthread '
LIBTOOL='$(SHELL) $(top_builddir)/libtool'
LINOTYPE_CFLAGS=''
LINOTYPE_LIBS=''
LINOTYPE_PROVIDER_FALSE=''
LINOTYPE_PROVIDER_TRUE='#'
LINUX_INPUT_FALSE='#'
LINUX_INPUT_TRUE=''
LIPO=''
LIRC_INPUT_FALSE='#'
LIRC_INPUT_TRUE=''
LN_S='ln -s'
LTLIBOBJS=''
LT_AGE='3'
LT_BINARY='0'
LT_CURRENT='3'
LT_RELEASE='1.6'
LT_REVISION='0'
MAINT=''
MAINTAINER_MODE_FALSE='#'
MAINTAINER_MODE_TRUE=''
MAKEINFO='makeinfo'
MAN2HTML='no'
MANIFEST_TOOL=':'
MESA_CFLAGS=''
MESA_CORE_FALSE=''
MESA_CORE_TRUE='#'
MESA_LIBS=''
MKDIR_P='/bin/mkdir -p'
MNG_PROVIDER=''
MNG_PROVIDER_FALSE=''
MNG_PROVIDER_TRUE='#'
MODULEDIR='${exec_prefix}/lib/directfb-1.6-0'
MODULEDIRNAME='directfb-1.6-0'
MPEG2_FALSE='#'
MPEG2_TRUE=''
MUTOUCH_TS_FALSE=''
MUTOUCH_TS_TRUE='#'
NM='/usr/bin/nm -B'
NMEDIT=''
OBJDUMP='objdump'
OBJEXT='o'
OSX_CORE_FALSE=''
OSX_CORE_TRUE='#'
OSX_LIBS=''
OTOOL64=''
OTOOL=''
PACKAGE='DirectFB'
PACKAGE_BUGREPORT=''
PACKAGE_NAME=''
PACKAGE_STRING=''
PACKAGE_TARNAME=''
PACKAGE_URL=''
PACKAGE_VERSION=''
PATH_SEPARATOR=':'
PENMOUNT_TS_FALSE=''
PENMOUNT_TS_TRUE='#'
PERL='/usr/bin/perl'
PKG_CONFIG='/usr/bin/pkg-config'
PKG_CONFIG_LIBDIR=''
PKG_CONFIG_PATH=''
PNG_PROVIDER=''
PNG_PROVIDER_FALSE='#'
PNG_PROVIDER_TRUE=''
PNM_FALSE=''
PNM_TRUE='#'
PS2MOUSE_INPUT_FALSE='#'
PS2MOUSE_INPUT_TRUE=''
PVR2D_CFLAGS=''
PVR2D_CORE_FALSE=''
PVR2D_CORE_TRUE='#'
PVR2D_LIBS=''
RANLIB='ranlib'
RTLIB='-lrt'
RUNTIME_SYSROOT=''
SDL_CFLAGS=''
SDL_CORE_FALSE=''
SDL_CORE_TRUE='#'
SDL_LIBS=''
SED='/bin/sed'
SERIAL_MOUSE_INPUT_FALSE='#'
SERIAL_MOUSE_INPUT_TRUE=''
SET_MAKE=''
SH772X_DEP_CFLAGS=''
SH772X_DEP_LIBS=''
SH772X_SHJPEG_DEP_CFLAGS=''
SH772X_SHJPEG_DEP_LIBS=''
SH772X_SHJPEG_FALSE=''
SH772X_SHJPEG_TRUE='#'
SHELL='/bin/bash'
SOFTWARE_RENDERING_FALSE='#'
SOFTWARE_RENDERING_TRUE=''
SONYPI_FALSE=''
SONYPI_TRUE='#'
SOPATH='${exec_prefix}/lib/libdirectfb-1.6.so.3'
STRIP='strip'
SVG_CFLAGS=''
SVG_FALSE=''
SVG_LIBS=''
SVG_TRUE='#'
SYSCONFDIR='/opt/opendfb/etc'
THREADFLAGS='-D_REENTRANT'
THREADLIB='-lpthread'
TSLIB_CFLAGS=''
TSLIB_FALSE=''
TSLIB_LIBS=''
TSLIB_TRUE='#'
UCB1X00_TS_FALSE=''
UCB1X00_TS_TRUE='#'
V4L_PROVIDER_FALSE=''
V4L_PROVIDER_TRUE='#'
VERSION='1.6.3'
VNC_CFLAGS=''
VNC_CONFIG='no'
VNC_CORE_FALSE=''
VNC_CORE_TRUE='#'
VNC_LIBS=''
VOODOO_BUILD_NO_SETSOCKOPT='0'
WM97XX_TS_FALSE=''
WM97XX_TS_TRUE='#'
X11VDPAU_CFLAGS=''
X11VDPAU_CORE_FALSE=''
X11VDPAU_CORE_TRUE='#'
X11VDPAU_LIBS=''
X11_CFLAGS=''
X11_CORE_FALSE='#'
X11_CORE_TRUE=''
X11_LIBS='-lX11 -lXext '
ZLIB_LIBS=''
ZYTRONIC_TS_FALSE=''
ZYTRONIC_TS_TRUE='#'
ac_ct_AR='ar'
ac_ct_CC='gcc'
ac_ct_CXX='g++'
ac_ct_DUMPBIN=''
am__EXEEXT_FALSE=''
am__EXEEXT_TRUE='#'
am__fastdepCCAS_FALSE='#'
am__fastdepCCAS_TRUE=''
am__fastdepCC_FALSE='#'
am__fastdepCC_TRUE=''
am__fastdepCXX_FALSE='#'
am__fastdepCXX_TRUE=''
am__include='include'
am__isrc=''
am__leading_dot='.'
am__nodep='_no'
am__quote=''
am__tar='$${TAR-tar} chof - "$$tardir"'
am__untar='$${TAR-tar} xf -'
bindir='${exec_prefix}/bin'
build='i686-pc-linux-gnu'
build_alias=''
build_cpu='i686'
build_os='linux-gnu'
build_vendor='pc'
datadir='${datarootdir}'
datarootdir='${prefix}/share'
docdir='${datarootdir}/doc/${PACKAGE}'
dvidir='${docdir}'
exec_prefix='${prefix}'
host='i686-pc-linux-gnu'
host_alias=''
host_cpu='i686'
host_os='linux-gnu'
host_vendor='pc'
htmldir='${docdir}'
includedir='${prefix}/include'
infodir='${datarootdir}/info'
install_sh='${SHELL} /home/kin/workspace/opendfb-workspace/DirectFB-1.6.3-mini/install-sh'
libdir='${exec_prefix}/lib'
libexecdir='${exec_prefix}/libexec'
localedir='${datarootdir}/locale'
localstatedir='${prefix}/var'
mandir='${datarootdir}/man'
mkdir_p='$(MKDIR_P)'
oldincludedir='/usr/include'
pdfdir='${docdir}'
prefix='/opt/opendfb'
program_transform_name='s,x,x,'
psdir='${docdir}'
sbindir='${exec_prefix}/sbin'
sharedstatedir='${prefix}/com'
sysconfdir='${prefix}/etc'
target='i686-pc-linux-gnu'
target_alias=''
target_cpu='i686'
target_os='linux-gnu'
target_vendor='pc'

## ----------- ##
## confdefs.h. ##
## ----------- ##

/* confdefs.h */
#define PACKAGE_NAME ""
#define PACKAGE_TARNAME ""
#define PACKAGE_VERSION ""
#define PACKAGE_STRING ""
#define PACKAGE_BUGREPORT ""
#define PACKAGE_URL ""
#define DIRECTFB_VERSION "1.6.3"
#define STDC_HEADERS 1
#define HAVE_SYS_TYPES_H 1
#define HAVE_SYS_STAT_H 1
#define HAVE_STDLIB_H 1
#define HAVE_STRING_H 1
#define HAVE_MEMORY_H 1
#define HAVE_STRINGS_H 1
#define HAVE_INTTYPES_H 1
#define HAVE_STDINT_H 1
#define HAVE_UNISTD_H 1
#define HAVE_DLFCN_H 1
#define LT_OBJDIR ".libs/"
#define STDC_HEADERS 1
#define SIZEOF_INT 4
#define SIZEOF_LONG 4
#define SIZEOF_LONG_LONG 8
#define HAVE_FORK 1
#define HAVE_LINUX_UNISTD_H 1
#define HAVE_SIGNAL_H 1
#define ARCH_X86 1
#define HAVE_LIBPTHREAD 1
#define HAVE_DECL_PTHREAD_MUTEX_RECURSIVE 1
#define HAVE_DECL_PTHREAD_RECURSIVE_MUTEX_INITIALIZER_NP 1
#define HAVE_LIBRT 1
#define HAVE_LIBDL 1
#define HAVE_INB_OUTB_IOPL 1
#define HAVE_SYSIO 1
#define USE_MMX 1
#define USE_SSE 1
#define HAVE_INPUT_ABSINFO 1
#define DFB_DITHER_SIMPLE 1
#define DFB_DITHER_ADVANCED 2

configure: exit 0
